# JRE version: OpenJDK Runtime Environment Temurin-17.0.14+7 (17.0.14+7) (build 17.0.14+7)
# Java VM: OpenJDK 64-Bit Server VM Temurin-17.0.14+7 (17.0.14+7, mixed mode, sharing, tiered, compressed oops, compressed class ptrs, g1 gc, windows-amd64)
GC Precious Log:
 CPUs: 8 total, 8 available
 Memory: 7975M
 Large Page Support: Disabled
 NUMA Support: Disabled
 Compressed Oops: Enabled (32-bit)
 Heap Region Size: 1M
 Heap Min Capacity: 64M
 Heap Initial Capacity: 64M
 Heap Max Capacity: 1G
 Pre-touch: Disabled
 Parallel Workers: 8
 Concurrent Workers: 2
 Concurrent Refinement Workers: 8
 Periodic GC: Disabled
Heap:
 garbage-first heap   total 147456K, used 94973K [0x00000000c0000000, 0x0000000100000000)
  region size 1024K, 26 young (26624K), 3 survivors (3072K)
 Metaspace       used 14644K, committed 14784K, reserved 1114112K
  class space    used 1016K, committed 1088K, reserved 1048576K
GC Heap History (20 events):
Event: 1598.874 GC heap before
{Heap before GC invocations=10798 (full 0):
 garbage-first heap   total 147456K, used 92976K [0x00000000c0000000, 0x0000000100000000)
  region size 1024K, 24 young (24576K), 3 survivors (3072K)
 Metaspace       used 14591K, committed 14784K, reserved 1114112K
  class space    used 1010K, committed 1088K, reserved 1048576K
}
Event: 1598.876 GC heap after
{Heap after GC invocations=10799 (full 0):
 garbage-first heap   total 147456K, used 64150K [0x00000000c0000000, 0x0000000100000000)
  region size 1024K, 3 young (3072K), 3 survivors (3072K)
 Metaspace       used 14591K, committed 14784K, reserved 1114112K
  class space    used 1010K, committed 1088K, reserved 1048576K
}
Event: 1599.007 GC heap before
{Heap before GC invocations=10799 (full 0):
 garbage-first heap   total 147456K, used 92822K [0x00000000c0000000, 0x0000000100000000)
  region size 1024K, 24 young (24576K), 3 survivors (3072K)
 Metaspace       used 14591K, committed 14784K, reserved 1114112K
  class space    used 1010K, committed 1088K, reserved 1048576K
}
Event: 1599.008 GC heap after
{Heap after GC invocations=10800 (full 0):
 garbage-first heap   total 147456K, used 64260K [0x00000000c0000000, 0x0000000100000000)
  region size 1024K, 3 young (3072K), 3 survivors (3072K)
 Metaspace       used 14591K, committed 14784K, reserved 1114112K
  class space    used 1010K, committed 1088K, reserved 1048576K
}
Event: 1599.156 GC heap before
{Heap before GC invocations=10800 (full 0):
 garbage-first heap   total 147456K, used 92932K [0x00000000c0000000, 0x0000000100000000)
  region size 1024K, 24 young (24576K), 3 survivors (3072K)
 Metaspace       used 14591K, committed 14784K, reserved 1114112K
  class space    used 1010K, committed 1088K, reserved 1048576K
}
Event: 1599.157 GC heap after
{Heap after GC invocations=10801 (full 0):
 garbage-first heap   total 147456K, used 64302K [0x00000000c0000000, 0x0000000100000000)
  region size 1024K, 3 young (3072K), 3 survivors (3072K)
 Metaspace       used 14591K, committed 14784K, reserved 1114112K
  class space    used 1010K, committed 1088K, reserved 1048576K
}
Event: 1599.297 GC heap before
{Heap before GC invocations=10801 (full 0):
 garbage-first heap   total 147456K, used 92974K [0x00000000c0000000, 0x0000000100000000)
  region size 1024K, 24 young (24576K), 3 survivors (3072K)
 Metaspace       used 14591K, committed 14784K, reserved 1114112K
  class space    used 1010K, committed 1088K, reserved 1048576K
}
Event: 1599.298 GC heap after
{Heap after GC invocations=10802 (full 0):
 garbage-first heap   total 147456K, used 64407K [0x00000000c0000000, 0x0000000100000000)
  region size 1024K, 3 young (3072K), 3 survivors (3072K)
 Metaspace       used 14591K, committed 14784K, reserved 1114112K
  class space    used 1010K, committed 1088K, reserved 1048576K
}
Event: 1599.435 GC heap before
{Heap before GC invocations=10802 (full 0):
 garbage-first heap   total 147456K, used 93079K [0x00000000c0000000, 0x0000000100000000)
  region size 1024K, 24 young (24576K), 3 survivors (3072K)
 Metaspace       used 14591K, committed 14784K, reserved 1114112K
  class space    used 1010K, committed 1088K, reserved 1048576K
}
Event: 1599.436 GC heap after
{Heap after GC invocations=10803 (full 0):
 garbage-first heap   total 147456K, used 64305K [0x00000000c0000000, 0x0000000100000000)
  region size 1024K, 3 young (3072K), 3 survivors (3072K)
 Metaspace       used 14591K, committed 14784K, reserved 1114112K
  class space    used 1010K, committed 1088K, reserved 1048576K
}
Event: 1599.586 GC heap before
{Heap before GC invocations=10803 (full 0):
 garbage-first heap   total 147456K, used 92977K [0x00000000c0000000, 0x0000000100000000)
  region size 1024K, 24 young (24576K), 3 survivors (3072K)
 Metaspace       used 14591K, committed 14784K, reserved 1114112K
  class space    used 1010K, committed 1088K, reserved 1048576K
}
Event: 1599.587 GC heap after
{Heap after GC invocations=10804 (full 0):
 garbage-first heap   total 147456K, used 64254K [0x00000000c0000000, 0x0000000100000000)
  region size 1024K, 3 young (3072K), 3 survivors (3072K)
 Metaspace       used 14591K, committed 14784K, reserved 1114112K
  class space    used 1010K, committed 1088K, reserved 1048576K
}
Event: 1599.735 GC heap before
{Heap before GC invocations=10804 (full 0):
 garbage-first heap   total 147456K, used 92926K [0x00000000c0000000, 0x0000000100000000)
  region size 1024K, 24 young (24576K), 3 survivors (3072K)
 Metaspace       used 14591K, committed 14784K, reserved 1114112K
  class space    used 1010K, committed 1088K, reserved 1048576K
}
Event: 1599.736 GC heap after
{Heap after GC invocations=10805 (full 0):
 garbage-first heap   total 147456K, used 64407K [0x00000000c0000000, 0x0000000100000000)
  region size 1024K, 3 young (3072K), 3 survivors (3072K)
 Metaspace       used 14591K, committed 14784K, reserved 1114112K
  class space    used 1010K, committed 1088K, reserved 1048576K
}
Event: 1599.875 GC heap before
{Heap before GC invocations=10805 (full 0):
 garbage-first heap   total 147456K, used 93079K [0x00000000c0000000, 0x0000000100000000)
  region size 1024K, 24 young (24576K), 3 survivors (3072K)
 Metaspace       used 14591K, committed 14784K, reserved 1114112K
  class space    used 1010K, committed 1088K, reserved 1048576K
}
Event: 1599.877 GC heap after
{Heap after GC invocations=10806 (full 0):
 garbage-first heap   total 147456K, used 64357K [0x00000000c0000000, 0x0000000100000000)
  region size 1024K, 3 young (3072K), 3 survivors (3072K)
 Metaspace       used 14591K, committed 14784K, reserved 1114112K
  class space    used 1010K, committed 1088K, reserved 1048576K
}
Event: 1600.007 GC heap before
{Heap before GC invocations=10806 (full 0):
 garbage-first heap   total 147456K, used 93029K [0x00000000c0000000, 0x0000000100000000)
  region size 1024K, 24 young (24576K), 3 survivors (3072K)
 Metaspace       used 14591K, committed 14784K, reserved 1114112K
  class space    used 1010K, committed 1088K, reserved 1048576K
}
Event: 1600.008 GC heap after
{Heap after GC invocations=10807 (full 0):
 garbage-first heap   total 147456K, used 64408K [0x00000000c0000000, 0x0000000100000000)
  region size 1024K, 3 young (3072K), 3 survivors (3072K)
 Metaspace       used 14591K, committed 14784K, reserved 1114112K
  class space    used 1010K, committed 1088K, reserved 1048576K
}
Event: 1600.140 GC heap before
{Heap before GC invocations=10807 (full 0):
 garbage-first heap   total 147456K, used 93080K [0x00000000c0000000, 0x0000000100000000)
  region size 1024K, 24 young (24576K), 3 survivors (3072K)
 Metaspace       used 14591K, committed 14784K, reserved 1114112K
  class space    used 1010K, committed 1088K, reserved 1048576K
}
Event: 1600.141 GC heap after
{Heap after GC invocations=10808 (full 0):
 garbage-first heap   total 147456K, used 64253K [0x00000000c0000000, 0x0000000100000000)
  region size 1024K, 3 young (3072K), 3 survivors (3072K)
 Metaspace       used 14591K, committed 14784K, reserved 1114112K
  class space    used 1010K, committed 1088K, reserved 1048576K
}

