# JRE version: OpenJDK Runtime Environment Temurin-17.0.14+7 (17.0.14+7) (build 17.0.14+7)
# Java VM: OpenJDK 64-Bit Server VM Temurin-17.0.14+7 (17.0.14+7, mixed mode, sharing, tiered, compressed oops, compressed class ptrs, g1 gc, windows-amd64)
GC Precious Log:
 CPUs: 8 total, 8 available
 Memory: 7975M
 Large Page Support: Disabled
 NUMA Support: Disabled
 Compressed Oops: Enabled (32-bit)
 Heap Region Size: 1M
 Heap Min Capacity: 64M
 Heap Initial Capacity: 64M
 Heap Max Capacity: 1G
 Pre-touch: Disabled
 Parallel Workers: 8
 Concurrent Workers: 2
 Concurrent Refinement Workers: 8
 Periodic GC: Disabled
Heap:
 garbage-first heap   total 206848K, used 101312K [0x00000000c0000000, 0x0000000100000000)
  region size 1024K, 20 young (20480K), 2 survivors (2048K)
 Metaspace       used 13223K, committed 13440K, reserved 1114112K
  class space    used 919K, committed 1024K, reserved 1048576K
GC Heap History (20 events):
Event: 10.102 GC heap before
{Heap before GC invocations=25 (full 0):
 garbage-first heap   total 172032K, used 149278K [0x00000000c0000000, 0x0000000100000000)
  region size 1024K, 66 young (67584K), 2 survivors (2048K)
 Metaspace       used 12917K, committed 13120K, reserved 1114112K
  class space    used 915K, committed 1024K, reserved 1048576K
}
Event: 10.104 GC heap after
{Heap after GC invocations=26 (full 0):
 garbage-first heap   total 172032K, used 84288K [0x00000000c0000000, 0x0000000100000000)
  region size 1024K, 2 young (2048K), 2 survivors (2048K)
 Metaspace       used 12917K, committed 13120K, reserved 1114112K
  class space    used 915K, committed 1024K, reserved 1048576K
}
Event: 11.127 GC heap before
{Heap before GC invocations=27 (full 0):
 garbage-first heap   total 172032K, used 149824K [0x00000000c0000000, 0x0000000100000000)
  region size 1024K, 66 young (67584K), 2 survivors (2048K)
 Metaspace       used 12973K, committed 13184K, reserved 1114112K
  class space    used 915K, committed 1024K, reserved 1048576K
}
Event: 11.128 GC heap after
{Heap after GC invocations=28 (full 0):
 garbage-first heap   total 172032K, used 84910K [0x00000000c0000000, 0x0000000100000000)
  region size 1024K, 3 young (3072K), 3 survivors (3072K)
 Metaspace       used 12973K, committed 13184K, reserved 1114112K
  class space    used 915K, committed 1024K, reserved 1048576K
}
Event: 12.136 GC heap before
{Heap before GC invocations=28 (full 0):
 garbage-first heap   total 172032K, used 148398K [0x00000000c0000000, 0x0000000100000000)
  region size 1024K, 65 young (66560K), 3 survivors (3072K)
 Metaspace       used 13076K, committed 13248K, reserved 1114112K
  class space    used 915K, committed 1024K, reserved 1048576K
}
Event: 12.137 GC heap after
{Heap after GC invocations=29 (full 0):
 garbage-first heap   total 172032K, used 83695K [0x00000000c0000000, 0x0000000100000000)
  region size 1024K, 2 young (2048K), 2 survivors (2048K)
 Metaspace       used 13076K, committed 13248K, reserved 1114112K
  class space    used 915K, committed 1024K, reserved 1048576K
}
Event: 13.142 GC heap before
{Heap before GC invocations=30 (full 0):
 garbage-first heap   total 172032K, used 148207K [0x00000000c0000000, 0x0000000100000000)
  region size 1024K, 65 young (66560K), 2 survivors (2048K)
 Metaspace       used 13077K, committed 13248K, reserved 1114112K
  class space    used 915K, committed 1024K, reserved 1048576K
}
Event: 13.143 GC heap after
{Heap after GC invocations=31 (full 0):
 garbage-first heap   total 206848K, used 83294K [0x00000000c0000000, 0x0000000100000000)
  region size 1024K, 1 young (1024K), 1 survivors (1024K)
 Metaspace       used 13077K, committed 13248K, reserved 1114112K
  class space    used 915K, committed 1024K, reserved 1048576K
}
Event: 14.623 GC heap before
{Heap before GC invocations=31 (full 0):
 garbage-first heap   total 206848K, used 180574K [0x00000000c0000000, 0x0000000100000000)
  region size 1024K, 96 young (98304K), 1 survivors (1024K)
 Metaspace       used 13077K, committed 13248K, reserved 1114112K
  class space    used 915K, committed 1024K, reserved 1048576K
}
Event: 14.624 GC heap after
{Heap after GC invocations=32 (full 0):
 garbage-first heap   total 206848K, used 84469K [0x00000000c0000000, 0x0000000100000000)
  region size 1024K, 2 young (2048K), 2 survivors (2048K)
 Metaspace       used 13077K, committed 13248K, reserved 1114112K
  class space    used 915K, committed 1024K, reserved 1048576K
}
Event: 16.176 GC heap before
{Heap before GC invocations=32 (full 0):
 garbage-first heap   total 206848K, used 180725K [0x00000000c0000000, 0x0000000100000000)
  region size 1024K, 96 young (98304K), 2 survivors (2048K)
 Metaspace       used 13077K, committed 13248K, reserved 1114112K
  class space    used 915K, committed 1024K, reserved 1048576K
}
Event: 16.178 GC heap after
{Heap after GC invocations=33 (full 0):
 garbage-first heap   total 206848K, used 84721K [0x00000000c0000000, 0x0000000100000000)
  region size 1024K, 3 young (3072K), 3 survivors (3072K)
 Metaspace       used 13077K, committed 13248K, reserved 1114112K
  class space    used 915K, committed 1024K, reserved 1048576K
}
Event: 17.648 GC heap before
{Heap before GC invocations=33 (full 0):
 garbage-first heap   total 206848K, used 178929K [0x00000000c0000000, 0x0000000100000000)
  region size 1024K, 95 young (97280K), 3 survivors (3072K)
 Metaspace       used 13179K, committed 13376K, reserved 1114112K
  class space    used 915K, committed 1024K, reserved 1048576K
}
Event: 17.649 GC heap after
{Heap after GC invocations=34 (full 0):
 garbage-first heap   total 206848K, used 83240K [0x00000000c0000000, 0x0000000100000000)
  region size 1024K, 1 young (1024K), 1 survivors (1024K)
 Metaspace       used 13179K, committed 13376K, reserved 1114112K
  class space    used 915K, committed 1024K, reserved 1048576K
}
Event: 19.175 GC heap before
{Heap before GC invocations=34 (full 0):
 garbage-first heap   total 206848K, used 180520K [0x00000000c0000000, 0x0000000100000000)
  region size 1024K, 96 young (98304K), 1 survivors (1024K)
 Metaspace       used 13179K, committed 13376K, reserved 1114112K
  class space    used 915K, committed 1024K, reserved 1048576K
}
Event: 19.176 GC heap after
{Heap after GC invocations=35 (full 0):
 garbage-first heap   total 206848K, used 84618K [0x00000000c0000000, 0x0000000100000000)
  region size 1024K, 2 young (2048K), 2 survivors (2048K)
 Metaspace       used 13179K, committed 13376K, reserved 1114112K
  class space    used 915K, committed 1024K, reserved 1048576K
}
Event: 20.655 GC heap before
{Heap before GC invocations=35 (full 0):
 garbage-first heap   total 206848K, used 180874K [0x00000000c0000000, 0x0000000100000000)
  region size 1024K, 96 young (98304K), 2 survivors (2048K)
 Metaspace       used 13179K, committed 13376K, reserved 1114112K
  class space    used 915K, committed 1024K, reserved 1048576K
}
Event: 20.656 GC heap after
{Heap after GC invocations=36 (full 0):
 garbage-first heap   total 206848K, used 85225K [0x00000000c0000000, 0x0000000100000000)
  region size 1024K, 3 young (3072K), 3 survivors (3072K)
 Metaspace       used 13179K, committed 13376K, reserved 1114112K
  class space    used 915K, committed 1024K, reserved 1048576K
}
Event: 22.113 GC heap before
{Heap before GC invocations=36 (full 0):
 garbage-first heap   total 206848K, used 179433K [0x00000000c0000000, 0x0000000100000000)
  region size 1024K, 95 young (97280K), 3 survivors (3072K)
 Metaspace       used 13179K, committed 13376K, reserved 1114112K
  class space    used 915K, committed 1024K, reserved 1048576K
}
Event: 22.113 GC heap after
{Heap after GC invocations=37 (full 0):
 garbage-first heap   total 206848K, used 83904K [0x00000000c0000000, 0x0000000100000000)
  region size 1024K, 2 young (2048K), 2 survivors (2048K)
 Metaspace       used 13179K, committed 13376K, reserved 1114112K
  class space    used 915K, committed 1024K, reserved 1048576K
}

