# JRE version: OpenJDK Runtime Environment Temurin-17.0.14+7 (17.0.14+7) (build 17.0.14+7)
# Java VM: OpenJDK 64-Bit Server VM Temurin-17.0.14+7 (17.0.14+7, mixed mode, sharing, tiered, compressed oops, compressed class ptrs, g1 gc, windows-amd64)
GC Precious Log:
 CPUs: 8 total, 8 available
 Memory: 7975M
 Large Page Support: Disabled
 NUMA Support: Disabled
 Compressed Oops: Enabled (32-bit)
 Heap Region Size: 1M
 Heap Min Capacity: 64M
 Heap Initial Capacity: 64M
 Heap Max Capacity: 1G
 Pre-touch: Disabled
 Parallel Workers: 8
 Concurrent Workers: 2
 Concurrent Refinement Workers: 8
 Periodic GC: Disabled
Heap:
 garbage-first heap   total 79872K, used 51141K [0x00000000c0000000, 0x0000000100000000)
  region size 1024K, 20 young (20480K), 1 survivors (1024K)
 Metaspace       used 13102K, committed 13248K, reserved 1114112K
  class space    used 920K, committed 1024K, reserved 1048576K
GC Heap History (20 events):
Event: 3.067 GC heap before
{Heap before GC invocations=8 (full 0):
 garbage-first heap   total 65536K, used 53072K [0x00000000c0000000, 0x0000000100000000)
  region size 1024K, 21 young (21504K), 1 survivors (1024K)
 Metaspace       used 12798K, committed 12992K, reserved 1114112K
  class space    used 916K, committed 1024K, reserved 1048576K
}
Event: 3.067 GC heap after
{Heap after GC invocations=9 (full 0):
 garbage-first heap   total 65536K, used 32636K [0x00000000c0000000, 0x0000000100000000)
  region size 1024K, 1 young (1024K), 1 survivors (1024K)
 Metaspace       used 12798K, committed 12992K, reserved 1114112K
  class space    used 916K, committed 1024K, reserved 1048576K
}
Event: 3.384 GC heap before
{Heap before GC invocations=9 (full 0):
 garbage-first heap   total 65536K, used 53116K [0x00000000c0000000, 0x0000000100000000)
  region size 1024K, 21 young (21504K), 1 survivors (1024K)
 Metaspace       used 12848K, committed 13056K, reserved 1114112K
  class space    used 916K, committed 1024K, reserved 1048576K
}
Event: 3.385 GC heap after
{Heap after GC invocations=10 (full 0):
 garbage-first heap   total 65536K, used 32854K [0x00000000c0000000, 0x0000000100000000)
  region size 1024K, 1 young (1024K), 1 survivors (1024K)
 Metaspace       used 12848K, committed 13056K, reserved 1114112K
  class space    used 916K, committed 1024K, reserved 1048576K
}
Event: 3.685 GC heap before
{Heap before GC invocations=11 (full 0):
 garbage-first heap   total 65536K, used 53334K [0x00000000c0000000, 0x0000000100000000)
  region size 1024K, 21 young (21504K), 1 survivors (1024K)
 Metaspace       used 12852K, committed 13056K, reserved 1114112K
  class space    used 916K, committed 1024K, reserved 1048576K
}
Event: 3.685 GC heap after
{Heap after GC invocations=12 (full 0):
 garbage-first heap   total 65536K, used 33082K [0x00000000c0000000, 0x0000000100000000)
  region size 1024K, 1 young (1024K), 1 survivors (1024K)
 Metaspace       used 12852K, committed 13056K, reserved 1114112K
  class space    used 916K, committed 1024K, reserved 1048576K
}
Event: 4.002 GC heap before
{Heap before GC invocations=12 (full 0):
 garbage-first heap   total 65536K, used 54586K [0x00000000c0000000, 0x0000000100000000)
  region size 1024K, 22 young (22528K), 1 survivors (1024K)
 Metaspace       used 12884K, committed 13056K, reserved 1114112K
  class space    used 916K, committed 1024K, reserved 1048576K
}
Event: 4.002 GC heap after
{Heap after GC invocations=13 (full 0):
 garbage-first heap   total 65536K, used 33301K [0x00000000c0000000, 0x0000000100000000)
  region size 1024K, 2 young (2048K), 2 survivors (2048K)
 Metaspace       used 12884K, committed 13056K, reserved 1114112K
  class space    used 916K, committed 1024K, reserved 1048576K
}
Event: 4.317 GC heap before
{Heap before GC invocations=14 (full 0):
 garbage-first heap   total 65536K, used 53781K [0x00000000c0000000, 0x0000000100000000)
  region size 1024K, 22 young (22528K), 2 survivors (2048K)
 Metaspace       used 12887K, committed 13056K, reserved 1114112K
  class space    used 916K, committed 1024K, reserved 1048576K
}
Event: 4.317 GC heap after
{Heap after GC invocations=15 (full 0):
 garbage-first heap   total 79872K, used 32781K [0x00000000c0000000, 0x0000000100000000)
  region size 1024K, 1 young (1024K), 1 survivors (1024K)
 Metaspace       used 12887K, committed 13056K, reserved 1114112K
  class space    used 916K, committed 1024K, reserved 1048576K
}
Event: 4.834 GC heap before
{Heap before GC invocations=15 (full 0):
 garbage-first heap   total 79872K, used 67597K [0x00000000c0000000, 0x0000000100000000)
  region size 1024K, 35 young (35840K), 1 survivors (1024K)
 Metaspace       used 12887K, committed 13056K, reserved 1114112K
  class space    used 916K, committed 1024K, reserved 1048576K
}
Event: 4.835 GC heap after
{Heap after GC invocations=16 (full 0):
 garbage-first heap   total 79872K, used 33022K [0x00000000c0000000, 0x0000000100000000)
  region size 1024K, 1 young (1024K), 1 survivors (1024K)
 Metaspace       used 12887K, committed 13056K, reserved 1114112K
  class space    used 916K, committed 1024K, reserved 1048576K
}
Event: 5.351 GC heap before
{Heap before GC invocations=16 (full 0):
 garbage-first heap   total 79872K, used 67838K [0x00000000c0000000, 0x0000000100000000)
  region size 1024K, 35 young (35840K), 1 survivors (1024K)
 Metaspace       used 12913K, committed 13120K, reserved 1114112K
  class space    used 916K, committed 1024K, reserved 1048576K
}
Event: 5.352 GC heap after
{Heap after GC invocations=17 (full 0):
 garbage-first heap   total 79872K, used 33300K [0x00000000c0000000, 0x0000000100000000)
  region size 1024K, 2 young (2048K), 2 survivors (2048K)
 Metaspace       used 12913K, committed 13120K, reserved 1114112K
  class space    used 916K, committed 1024K, reserved 1048576K
}
Event: 5.867 GC heap before
{Heap before GC invocations=17 (full 0):
 garbage-first heap   total 79872K, used 67092K [0x00000000c0000000, 0x0000000100000000)
  region size 1024K, 35 young (35840K), 2 survivors (2048K)
 Metaspace       used 12932K, committed 13120K, reserved 1114112K
  class space    used 916K, committed 1024K, reserved 1048576K
}
Event: 5.867 GC heap after
{Heap after GC invocations=18 (full 0):
 garbage-first heap   total 79872K, used 32840K [0x00000000c0000000, 0x0000000100000000)
  region size 1024K, 1 young (1024K), 1 survivors (1024K)
 Metaspace       used 12932K, committed 13120K, reserved 1114112K
  class space    used 916K, committed 1024K, reserved 1048576K
}
Event: 6.384 GC heap before
{Heap before GC invocations=18 (full 0):
 garbage-first heap   total 79872K, used 67656K [0x00000000c0000000, 0x0000000100000000)
  region size 1024K, 35 young (35840K), 1 survivors (1024K)
 Metaspace       used 13059K, committed 13248K, reserved 1114112K
  class space    used 916K, committed 1024K, reserved 1048576K
}
Event: 6.385 GC heap after
{Heap after GC invocations=19 (full 0):
 garbage-first heap   total 79872K, used 33237K [0x00000000c0000000, 0x0000000100000000)
  region size 1024K, 1 young (1024K), 1 survivors (1024K)
 Metaspace       used 13059K, committed 13248K, reserved 1114112K
  class space    used 916K, committed 1024K, reserved 1048576K
}
Event: 6.916 GC heap before
{Heap before GC invocations=19 (full 0):
 garbage-first heap   total 79872K, used 68053K [0x00000000c0000000, 0x0000000100000000)
  region size 1024K, 35 young (35840K), 1 survivors (1024K)
 Metaspace       used 13059K, committed 13248K, reserved 1114112K
  class space    used 916K, committed 1024K, reserved 1048576K
}
Event: 6.917 GC heap after
{Heap after GC invocations=20 (full 0):
 garbage-first heap   total 79872K, used 32709K [0x00000000c0000000, 0x0000000100000000)
  region size 1024K, 1 young (1024K), 1 survivors (1024K)
 Metaspace       used 13059K, committed 13248K, reserved 1114112K
  class space    used 916K, committed 1024K, reserved 1048576K
}

