# JRE version: OpenJDK Runtime Environment Temurin-17.0.14+7 (17.0.14+7) (build 17.0.14+7)
# Java VM: OpenJDK 64-Bit Server VM Temurin-17.0.14+7 (17.0.14+7, mixed mode, sharing, tiered, compressed oops, compressed class ptrs, g1 gc, windows-amd64)
GC Precious Log:
 CPUs: 8 total, 8 available
 Memory: 7975M
 Large Page Support: Disabled
 NUMA Support: Disabled
 Compressed Oops: Enabled (32-bit)
 Heap Region Size: 1M
 Heap Min Capacity: 64M
 Heap Initial Capacity: 64M
 Heap Max Capacity: 1G
 Pre-touch: Disabled
 Parallel Workers: 8
 Concurrent Workers: 2
 Concurrent Refinement Workers: 8
 Periodic GC: Disabled
Heap:
 garbage-first heap   total 177152K, used 124341K [0x00000000c0000000, 0x0000000100000000)
  region size 1024K, 41 young (41984K), 2 survivors (2048K)
 Metaspace       used 13261K, committed 13504K, reserved 1114112K
  class space    used 918K, committed 1024K, reserved 1048576K
GC Heap History (20 events):
Event: 23.620 GC heap before
{Heap before GC invocations=47 (full 0):
 garbage-first heap   total 147456K, used 127489K [0x00000000c0000000, 0x0000000100000000)
  region size 1024K, 43 young (44032K), 2 survivors (2048K)
 Metaspace       used 13099K, committed 13248K, reserved 1114112K
  class space    used 914K, committed 1024K, reserved 1048576K
}
Event: 23.622 GC heap after
{Heap after GC invocations=48 (full 0):
 garbage-first heap   total 147456K, used 85522K [0x00000000c0000000, 0x0000000100000000)
  region size 1024K, 2 young (2048K), 2 survivors (2048K)
 Metaspace       used 13099K, committed 13248K, reserved 1114112K
  class space    used 914K, committed 1024K, reserved 1048576K
}
Event: 24.456 GC heap before
{Heap before GC invocations=49 (full 0):
 garbage-first heap   total 147456K, used 126482K [0x00000000c0000000, 0x0000000100000000)
  region size 1024K, 42 young (43008K), 2 survivors (2048K)
 Metaspace       used 13188K, committed 13376K, reserved 1114112K
  class space    used 914K, committed 1024K, reserved 1048576K
}
Event: 24.457 GC heap after
{Heap after GC invocations=50 (full 0):
 garbage-first heap   total 147456K, used 84629K [0x00000000c0000000, 0x0000000100000000)
  region size 1024K, 1 young (1024K), 1 survivors (1024K)
 Metaspace       used 13188K, committed 13376K, reserved 1114112K
  class space    used 914K, committed 1024K, reserved 1048576K
}
Event: 25.317 GC heap before
{Heap before GC invocations=50 (full 0):
 garbage-first heap   total 147456K, used 127637K [0x00000000c0000000, 0x0000000100000000)
  region size 1024K, 43 young (44032K), 1 survivors (1024K)
 Metaspace       used 13193K, committed 13376K, reserved 1114112K
  class space    used 914K, committed 1024K, reserved 1048576K
}
Event: 25.319 GC heap after
{Heap after GC invocations=51 (full 0):
 garbage-first heap   total 147456K, used 85359K [0x00000000c0000000, 0x0000000100000000)
  region size 1024K, 2 young (2048K), 2 survivors (2048K)
 Metaspace       used 13193K, committed 13376K, reserved 1114112K
  class space    used 914K, committed 1024K, reserved 1048576K
}
Event: 26.172 GC heap before
{Heap before GC invocations=52 (full 0):
 garbage-first heap   total 147456K, used 127343K [0x00000000c0000000, 0x0000000100000000)
  region size 1024K, 43 young (44032K), 2 survivors (2048K)
 Metaspace       used 13193K, committed 13376K, reserved 1114112K
  class space    used 914K, committed 1024K, reserved 1048576K
}
Event: 26.173 GC heap after
{Heap after GC invocations=53 (full 0):
 garbage-first heap   total 147456K, used 85343K [0x00000000c0000000, 0x0000000100000000)
  region size 1024K, 2 young (2048K), 2 survivors (2048K)
 Metaspace       used 13193K, committed 13376K, reserved 1114112K
  class space    used 914K, committed 1024K, reserved 1048576K
}
Event: 27.007 GC heap before
{Heap before GC invocations=53 (full 0):
 garbage-first heap   total 147456K, used 127327K [0x00000000c0000000, 0x0000000100000000)
  region size 1024K, 43 young (44032K), 2 survivors (2048K)
 Metaspace       used 13193K, committed 13376K, reserved 1114112K
  class space    used 914K, committed 1024K, reserved 1048576K
}
Event: 27.009 GC heap after
{Heap after GC invocations=54 (full 0):
 garbage-first heap   total 147456K, used 85285K [0x00000000c0000000, 0x0000000100000000)
  region size 1024K, 2 young (2048K), 2 survivors (2048K)
 Metaspace       used 13193K, committed 13376K, reserved 1114112K
  class space    used 914K, committed 1024K, reserved 1048576K
}
Event: 27.872 GC heap before
{Heap before GC invocations=55 (full 0):
 garbage-first heap   total 147456K, used 127269K [0x00000000c0000000, 0x0000000100000000)
  region size 1024K, 43 young (44032K), 2 survivors (2048K)
 Metaspace       used 13193K, committed 13376K, reserved 1114112K
  class space    used 914K, committed 1024K, reserved 1048576K
}
Event: 27.874 GC heap after
{Heap after GC invocations=56 (full 0):
 garbage-first heap   total 177152K, used 85206K [0x00000000c0000000, 0x0000000100000000)
  region size 1024K, 2 young (2048K), 2 survivors (2048K)
 Metaspace       used 13193K, committed 13376K, reserved 1114112K
  class space    used 914K, committed 1024K, reserved 1048576K
}
Event: 29.309 GC heap before
{Heap before GC invocations=56 (full 0):
 garbage-first heap   total 177152K, used 153814K [0x00000000c0000000, 0x0000000100000000)
  region size 1024K, 69 young (70656K), 2 survivors (2048K)
 Metaspace       used 13193K, committed 13376K, reserved 1114112K
  class space    used 914K, committed 1024K, reserved 1048576K
}
Event: 29.310 GC heap after
{Heap after GC invocations=57 (full 0):
 garbage-first heap   total 177152K, used 83964K [0x00000000c0000000, 0x0000000100000000)
  region size 1024K, 1 young (1024K), 1 survivors (1024K)
 Metaspace       used 13193K, committed 13376K, reserved 1114112K
  class space    used 914K, committed 1024K, reserved 1048576K
}
Event: 30.700 GC heap before
{Heap before GC invocations=58 (full 0):
 garbage-first heap   total 177152K, used 153596K [0x00000000c0000000, 0x0000000100000000)
  region size 1024K, 69 young (70656K), 1 survivors (1024K)
 Metaspace       used 13193K, committed 13376K, reserved 1114112K
  class space    used 914K, committed 1024K, reserved 1048576K
}
Event: 30.702 GC heap after
{Heap after GC invocations=59 (full 0):
 garbage-first heap   total 177152K, used 85792K [0x00000000c0000000, 0x0000000100000000)
  region size 1024K, 3 young (3072K), 3 survivors (3072K)
 Metaspace       used 13193K, committed 13376K, reserved 1114112K
  class space    used 914K, committed 1024K, reserved 1048576K
}
Event: 32.067 GC heap before
{Heap before GC invocations=59 (full 0):
 garbage-first heap   total 177152K, used 153376K [0x00000000c0000000, 0x0000000100000000)
  region size 1024K, 69 young (70656K), 3 survivors (3072K)
 Metaspace       used 13217K, committed 13376K, reserved 1114112K
  class space    used 914K, committed 1024K, reserved 1048576K
}
Event: 32.069 GC heap after
{Heap after GC invocations=60 (full 0):
 garbage-first heap   total 177152K, used 85935K [0x00000000c0000000, 0x0000000100000000)
  region size 1024K, 3 young (3072K), 3 survivors (3072K)
 Metaspace       used 13217K, committed 13376K, reserved 1114112K
  class space    used 914K, committed 1024K, reserved 1048576K
}
Event: 33.455 GC heap before
{Heap before GC invocations=61 (full 0):
 garbage-first heap   total 177152K, used 152495K [0x00000000c0000000, 0x0000000100000000)
  region size 1024K, 68 young (69632K), 3 survivors (3072K)
 Metaspace       used 13217K, committed 13376K, reserved 1114112K
  class space    used 914K, committed 1024K, reserved 1048576K
}
Event: 33.457 GC heap after
{Heap after GC invocations=62 (full 0):
 garbage-first heap   total 177152K, used 85429K [0x00000000c0000000, 0x0000000100000000)
  region size 1024K, 2 young (2048K), 2 survivors (2048K)
 Metaspace       used 13217K, committed 13376K, reserved 1114112K
  class space    used 914K, committed 1024K, reserved 1048576K
}

