# JRE version: OpenJDK Runtime Environment Temurin-17.0.14+7 (17.0.14+7) (build 17.0.14+7)
# Java VM: OpenJDK 64-Bit Server VM Temurin-17.0.14+7 (17.0.14+7, mixed mode, sharing, tiered, compressed oops, compressed class ptrs, g1 gc, windows-amd64)
GC Precious Log:
 CPUs: 8 total, 8 available
 Memory: 7975M
 Large Page Support: Disabled
 NUMA Support: Disabled
 Compressed Oops: Enabled (32-bit)
 Heap Region Size: 1M
 Heap Min Capacity: 64M
 Heap Initial Capacity: 64M
 Heap Max Capacity: 1G
 Pre-touch: Disabled
 Parallel Workers: 8
 Concurrent Workers: 2
 Concurrent Refinement Workers: 8
 Periodic GC: Disabled
Heap:
 garbage-first heap   total 221184K, used 132023K [0x00000000c0000000, 0x0000000100000000)
  region size 1024K, 41 young (41984K), 2 survivors (2048K)
 Metaspace       used 12918K, committed 13120K, reserved 1114112K
  class space    used 919K, committed 1024K, reserved 1048576K
GC Heap History (20 events):
Event: 1.610 GC heap before
{Heap before GC invocations=3 (full 0):
 garbage-first heap   total 65536K, used 53584K [0x00000000c0000000, 0x0000000100000000)
  region size 1024K, 4 young (4096K), 3 survivors (3072K)
 Metaspace       used 12532K, committed 12736K, reserved 1114112K
  class space    used 906K, committed 1024K, reserved 1048576K
}
Event: 1.610 GC heap after
{Heap after GC invocations=4 (full 0):
 garbage-first heap   total 65536K, used 53800K [0x00000000c0000000, 0x0000000100000000)
  region size 1024K, 1 young (1024K), 1 survivors (1024K)
 Metaspace       used 12532K, committed 12736K, reserved 1114112K
  class space    used 906K, committed 1024K, reserved 1048576K
}
Event: 1.618 GC heap before
{Heap before GC invocations=5 (full 0):
 garbage-first heap   total 107520K, used 73256K [0x00000000c0000000, 0x0000000100000000)
  region size 1024K, 2 young (2048K), 1 survivors (1024K)
 Metaspace       used 12532K, committed 12736K, reserved 1114112K
  class space    used 906K, committed 1024K, reserved 1048576K
}
Event: 1.618 GC heap after
{Heap after GC invocations=6 (full 0):
 garbage-first heap   total 107520K, used 73241K [0x00000000c0000000, 0x0000000100000000)
  region size 1024K, 1 young (1024K), 1 survivors (1024K)
 Metaspace       used 12532K, committed 12736K, reserved 1114112K
  class space    used 906K, committed 1024K, reserved 1048576K
}
Event: 1.821 GC heap before
{Heap before GC invocations=7 (full 0):
 garbage-first heap   total 158720K, used 106009K [0x00000000c0000000, 0x0000000100000000)
  region size 1024K, 14 young (14336K), 1 survivors (1024K)
 Metaspace       used 12695K, committed 12928K, reserved 1114112K
  class space    used 914K, committed 1024K, reserved 1048576K
}
Event: 1.823 GC heap after
{Heap after GC invocations=8 (full 0):
 garbage-first heap   total 158720K, used 95494K [0x00000000c0000000, 0x0000000100000000)
  region size 1024K, 2 young (2048K), 2 survivors (2048K)
 Metaspace       used 12695K, committed 12928K, reserved 1114112K
  class space    used 914K, committed 1024K, reserved 1048576K
}
Event: 2.269 GC heap before
{Heap before GC invocations=8 (full 0):
 garbage-first heap   total 158720K, used 128262K [0x00000000c0000000, 0x0000000100000000)
  region size 1024K, 34 young (34816K), 2 survivors (2048K)
 Metaspace       used 12728K, committed 12928K, reserved 1114112K
  class space    used 915K, committed 1024K, reserved 1048576K
}
Event: 2.270 GC heap after
{Heap after GC invocations=9 (full 0):
 garbage-first heap   total 158720K, used 94053K [0x00000000c0000000, 0x0000000100000000)
  region size 1024K, 1 young (1024K), 1 survivors (1024K)
 Metaspace       used 12728K, committed 12928K, reserved 1114112K
  class space    used 915K, committed 1024K, reserved 1048576K
}
Event: 2.675 GC heap before
{Heap before GC invocations=10 (full 0):
 garbage-first heap   total 158720K, used 125535K [0x00000000c0000000, 0x0000000100000000)
  region size 1024K, 34 young (34816K), 1 survivors (1024K)
 Metaspace       used 12771K, committed 12992K, reserved 1114112K
  class space    used 915K, committed 1024K, reserved 1048576K
}
Event: 2.677 GC heap after
{Heap after GC invocations=11 (full 0):
 garbage-first heap   total 158720K, used 93444K [0x00000000c0000000, 0x0000000100000000)
  region size 1024K, 3 young (3072K), 3 survivors (3072K)
 Metaspace       used 12771K, committed 12992K, reserved 1114112K
  class space    used 915K, committed 1024K, reserved 1048576K
}
Event: 3.178 GC heap before
{Heap before GC invocations=11 (full 0):
 garbage-first heap   total 158720K, used 131332K [0x00000000c0000000, 0x0000000100000000)
  region size 1024K, 40 young (40960K), 3 survivors (3072K)
 Metaspace       used 12776K, committed 12992K, reserved 1114112K
  class space    used 915K, committed 1024K, reserved 1048576K
}
Event: 3.179 GC heap after
{Heap after GC invocations=12 (full 0):
 garbage-first heap   total 158720K, used 92526K [0x00000000c0000000, 0x0000000100000000)
  region size 1024K, 2 young (2048K), 2 survivors (2048K)
 Metaspace       used 12776K, committed 12992K, reserved 1114112K
  class space    used 915K, committed 1024K, reserved 1048576K
}
Event: 3.693 GC heap before
{Heap before GC invocations=13 (full 0):
 garbage-first heap   total 158720K, used 132462K [0x00000000c0000000, 0x0000000100000000)
  region size 1024K, 41 young (41984K), 2 survivors (2048K)
 Metaspace       used 12784K, committed 12992K, reserved 1114112K
  class space    used 915K, committed 1024K, reserved 1048576K
}
Event: 3.695 GC heap after
{Heap after GC invocations=14 (full 0):
 garbage-first heap   total 221184K, used 93176K [0x00000000c0000000, 0x0000000100000000)
  region size 1024K, 2 young (2048K), 2 survivors (2048K)
 Metaspace       used 12784K, committed 12992K, reserved 1114112K
  class space    used 915K, committed 1024K, reserved 1048576K
}
Event: 4.931 GC heap before
{Heap before GC invocations=14 (full 0):
 garbage-first heap   total 221184K, used 190456K [0x00000000c0000000, 0x0000000100000000)
  region size 1024K, 97 young (99328K), 2 survivors (2048K)
 Metaspace       used 12812K, committed 12992K, reserved 1114112K
  class space    used 915K, committed 1024K, reserved 1048576K
}
Event: 4.932 GC heap after
{Heap after GC invocations=15 (full 0):
 garbage-first heap   total 221184K, used 92996K [0x00000000c0000000, 0x0000000100000000)
  region size 1024K, 2 young (2048K), 2 survivors (2048K)
 Metaspace       used 12812K, committed 12992K, reserved 1114112K
  class space    used 915K, committed 1024K, reserved 1048576K
}
Event: 6.176 GC heap before
{Heap before GC invocations=15 (full 0):
 garbage-first heap   total 221184K, used 191300K [0x00000000c0000000, 0x0000000100000000)
  region size 1024K, 98 young (100352K), 2 survivors (2048K)
 Metaspace       used 12851K, committed 13056K, reserved 1114112K
  class space    used 915K, committed 1024K, reserved 1048576K
}
Event: 6.177 GC heap after
{Heap after GC invocations=16 (full 0):
 garbage-first heap   total 221184K, used 93312K [0x00000000c0000000, 0x0000000100000000)
  region size 1024K, 3 young (3072K), 3 survivors (3072K)
 Metaspace       used 12851K, committed 13056K, reserved 1114112K
  class space    used 915K, committed 1024K, reserved 1048576K
}
Event: 7.457 GC heap before
{Heap before GC invocations=16 (full 0):
 garbage-first heap   total 221184K, used 190592K [0x00000000c0000000, 0x0000000100000000)
  region size 1024K, 98 young (100352K), 3 survivors (3072K)
 Metaspace       used 12852K, committed 13056K, reserved 1114112K
  class space    used 915K, committed 1024K, reserved 1048576K
}
Event: 7.458 GC heap after
{Heap after GC invocations=17 (full 0):
 garbage-first heap   total 221184K, used 93111K [0x00000000c0000000, 0x0000000100000000)
  region size 1024K, 2 young (2048K), 2 survivors (2048K)
 Metaspace       used 12852K, committed 13056K, reserved 1114112K
  class space    used 915K, committed 1024K, reserved 1048576K
}

