# JRE version: OpenJDK Runtime Environment Temurin-17.0.14+7 (17.0.14+7) (build 17.0.14+7)
# Java VM: OpenJDK 64-Bit Server VM Temurin-17.0.14+7 (17.0.14+7, mixed mode, sharing, tiered, compressed oops, compressed class ptrs, g1 gc, windows-amd64)
GC Precious Log:
 CPUs: 8 total, 8 available
 Memory: 7975M
 Large Page Support: Disabled
 NUMA Support: Disabled
 Compressed Oops: Enabled (32-bit)
 Heap Region Size: 1M
 Heap Min Capacity: 64M
 Heap Initial Capacity: 64M
 Heap Max Capacity: 1G
 Pre-touch: Disabled
 Parallel Workers: 8
 Concurrent Workers: 2
 Concurrent Refinement Workers: 8
 Periodic GC: Disabled
Heap:
 garbage-first heap   total 115712K, used 81446K [0x00000000c0000000, 0x0000000100000000)
  region size 1024K, 30 young (30720K), 3 survivors (3072K)
 Metaspace       used 12953K, committed 13120K, reserved 1114112K
  class space    used 918K, committed 1024K, reserved 1048576K
GC Heap History (20 events):
Event: 4.300 GC heap before
{Heap before GC invocations=10 (full 0):
 garbage-first heap   total 96256K, used 77370K [0x00000000c0000000, 0x0000000100000000)
  region size 1024K, 25 young (25600K), 3 survivors (3072K)
 Metaspace       used 12773K, committed 12992K, reserved 1114112K
  class space    used 913K, committed 1024K, reserved 1048576K
}
Event: 4.301 GC heap after
{Heap after GC invocations=11 (full 0):
 garbage-first heap   total 96256K, used 53709K [0x00000000c0000000, 0x0000000100000000)
  region size 1024K, 1 young (1024K), 1 survivors (1024K)
 Metaspace       used 12773K, committed 12992K, reserved 1114112K
  class space    used 913K, committed 1024K, reserved 1048576K
}
Event: 4.703 GC heap before
{Heap before GC invocations=11 (full 0):
 garbage-first heap   total 96256K, used 78285K [0x00000000c0000000, 0x0000000100000000)
  region size 1024K, 25 young (25600K), 1 survivors (1024K)
 Metaspace       used 12784K, committed 12992K, reserved 1114112K
  class space    used 913K, committed 1024K, reserved 1048576K
}
Event: 4.705 GC heap after
{Heap after GC invocations=12 (full 0):
 garbage-first heap   total 96256K, used 54434K [0x00000000c0000000, 0x0000000100000000)
  region size 1024K, 2 young (2048K), 2 survivors (2048K)
 Metaspace       used 12784K, committed 12992K, reserved 1114112K
  class space    used 913K, committed 1024K, reserved 1048576K
}
Event: 5.200 GC heap before
{Heap before GC invocations=13 (full 0):
 garbage-first heap   total 96256K, used 79010K [0x00000000c0000000, 0x0000000100000000)
  region size 1024K, 26 young (26624K), 2 survivors (2048K)
 Metaspace       used 12798K, committed 12992K, reserved 1114112K
  class space    used 913K, committed 1024K, reserved 1048576K
}
Event: 5.201 GC heap after
{Heap after GC invocations=14 (full 0):
 garbage-first heap   total 115712K, used 52910K [0x00000000c0000000, 0x0000000100000000)
  region size 1024K, 1 young (1024K), 1 survivors (1024K)
 Metaspace       used 12798K, committed 12992K, reserved 1114112K
  class space    used 913K, committed 1024K, reserved 1048576K
}
Event: 5.994 GC heap before
{Heap before GC invocations=14 (full 0):
 garbage-first heap   total 115712K, used 95918K [0x00000000c0000000, 0x0000000100000000)
  region size 1024K, 43 young (44032K), 1 survivors (1024K)
 Metaspace       used 12808K, committed 12992K, reserved 1114112K
  class space    used 913K, committed 1024K, reserved 1048576K
}
Event: 5.995 GC heap after
{Heap after GC invocations=15 (full 0):
 garbage-first heap   total 115712K, used 53206K [0x00000000c0000000, 0x0000000100000000)
  region size 1024K, 1 young (1024K), 1 survivors (1024K)
 Metaspace       used 12808K, committed 12992K, reserved 1114112K
  class space    used 913K, committed 1024K, reserved 1048576K
}
Event: 6.892 GC heap before
{Heap before GC invocations=16 (full 0):
 garbage-first heap   total 115712K, used 97238K [0x00000000c0000000, 0x0000000100000000)
  region size 1024K, 44 young (45056K), 1 survivors (1024K)
 Metaspace       used 12842K, committed 13056K, reserved 1114112K
  class space    used 913K, committed 1024K, reserved 1048576K
}
Event: 6.894 GC heap after
{Heap after GC invocations=17 (full 0):
 garbage-first heap   total 115712K, used 54185K [0x00000000c0000000, 0x0000000100000000)
  region size 1024K, 2 young (2048K), 2 survivors (2048K)
 Metaspace       used 12842K, committed 13056K, reserved 1114112K
  class space    used 913K, committed 1024K, reserved 1048576K
}
Event: 7.694 GC heap before
{Heap before GC invocations=17 (full 0):
 garbage-first heap   total 115712K, used 97193K [0x00000000c0000000, 0x0000000100000000)
  region size 1024K, 44 young (45056K), 2 survivors (2048K)
 Metaspace       used 12842K, committed 13056K, reserved 1114112K
  class space    used 913K, committed 1024K, reserved 1048576K
}
Event: 7.696 GC heap after
{Heap after GC invocations=18 (full 0):
 garbage-first heap   total 115712K, used 54134K [0x00000000c0000000, 0x0000000100000000)
  region size 1024K, 2 young (2048K), 2 survivors (2048K)
 Metaspace       used 12842K, committed 13056K, reserved 1114112K
  class space    used 913K, committed 1024K, reserved 1048576K
}
Event: 8.467 GC heap before
{Heap before GC invocations=19 (full 0):
 garbage-first heap   total 115712K, used 97142K [0x00000000c0000000, 0x0000000100000000)
  region size 1024K, 44 young (45056K), 2 survivors (2048K)
 Metaspace       used 12879K, committed 13056K, reserved 1114112K
  class space    used 913K, committed 1024K, reserved 1048576K
}
Event: 8.469 GC heap after
{Heap after GC invocations=20 (full 0):
 garbage-first heap   total 115712K, used 54077K [0x00000000c0000000, 0x0000000100000000)
  region size 1024K, 2 young (2048K), 2 survivors (2048K)
 Metaspace       used 12879K, committed 13056K, reserved 1114112K
  class space    used 913K, committed 1024K, reserved 1048576K
}
Event: 9.300 GC heap before
{Heap before GC invocations=20 (full 0):
 garbage-first heap   total 115712K, used 98109K [0x00000000c0000000, 0x0000000100000000)
  region size 1024K, 45 young (46080K), 2 survivors (2048K)
 Metaspace       used 12879K, committed 13056K, reserved 1114112K
  class space    used 913K, committed 1024K, reserved 1048576K
}
Event: 9.303 GC heap after
{Heap after GC invocations=21 (full 0):
 garbage-first heap   total 115712K, used 54733K [0x00000000c0000000, 0x0000000100000000)
  region size 1024K, 2 young (2048K), 2 survivors (2048K)
 Metaspace       used 12879K, committed 13056K, reserved 1114112K
  class space    used 913K, committed 1024K, reserved 1048576K
}
Event: 10.159 GC heap before
{Heap before GC invocations=22 (full 0):
 garbage-first heap   total 115712K, used 97741K [0x00000000c0000000, 0x0000000100000000)
  region size 1024K, 44 young (45056K), 2 survivors (2048K)
 Metaspace       used 12892K, committed 13120K, reserved 1114112K
  class space    used 913K, committed 1024K, reserved 1048576K
}
Event: 10.160 GC heap after
{Heap after GC invocations=23 (full 0):
 garbage-first heap   total 115712K, used 54639K [0x00000000c0000000, 0x0000000100000000)
  region size 1024K, 2 young (2048K), 2 survivors (2048K)
 Metaspace       used 12892K, committed 13120K, reserved 1114112K
  class space    used 913K, committed 1024K, reserved 1048576K
}
Event: 11.016 GC heap before
{Heap before GC invocations=23 (full 0):
 garbage-first heap   total 115712K, used 97647K [0x00000000c0000000, 0x0000000100000000)
  region size 1024K, 44 young (45056K), 2 survivors (2048K)
 Metaspace       used 12893K, committed 13120K, reserved 1114112K
  class space    used 913K, committed 1024K, reserved 1048576K
}
Event: 11.017 GC heap after
{Heap after GC invocations=24 (full 0):
 garbage-first heap   total 115712K, used 54822K [0x00000000c0000000, 0x0000000100000000)
  region size 1024K, 3 young (3072K), 3 survivors (3072K)
 Metaspace       used 12893K, committed 13120K, reserved 1114112K
  class space    used 913K, committed 1024K, reserved 1048576K
}

