# JRE version: OpenJDK Runtime Environment Temurin-17.0.14+7 (17.0.14+7) (build 17.0.14+7)
# Java VM: OpenJDK 64-Bit Server VM Temurin-17.0.14+7 (17.0.14+7, mixed mode, sharing, tiered, compressed oops, compressed class ptrs, g1 gc, windows-amd64)
GC Precious Log:
 CPUs: 8 total, 8 available
 Memory: 7975M
 Large Page Support: Disabled
 NUMA Support: Disabled
 Compressed Oops: Enabled (32-bit)
 Heap Region Size: 1M
 Heap Min Capacity: 64M
 Heap Initial Capacity: 64M
 Heap Max Capacity: 1G
 Pre-touch: Disabled
 Parallel Workers: 8
 Concurrent Workers: 2
 Concurrent Refinement Workers: 8
 Periodic GC: Disabled
Heap:
 garbage-first heap   total 87040K, used 40379K [0x00000000c0000000, 0x0000000100000000)
  region size 1024K, 9 young (9216K), 1 survivors (1024K)
 Metaspace       used 12940K, committed 13120K, reserved 1114112K
  class space    used 920K, committed 1024K, reserved 1048576K
GC Heap History (20 events):
Event: 1.640 GC heap before
{Heap before GC invocations=1 (full 0):
 garbage-first heap   total 65536K, used 53058K [0x00000000c0000000, 0x0000000100000000)
  region size 1024K, 27 young (27648K), 3 survivors (3072K)
 Metaspace       used 12711K, committed 12928K, reserved 1114112K
  class space    used 915K, committed 1024K, reserved 1048576K
}
Event: 1.643 GC heap after
{Heap after GC invocations=2 (full 0):
 garbage-first heap   total 65536K, used 32885K [0x00000000c0000000, 0x0000000100000000)
  region size 1024K, 4 young (4096K), 4 survivors (4096K)
 Metaspace       used 12711K, committed 12928K, reserved 1114112K
  class space    used 915K, committed 1024K, reserved 1048576K
}
Event: 1.870 GC heap before
{Heap before GC invocations=2 (full 0):
 garbage-first heap   total 65536K, used 48245K [0x00000000c0000000, 0x0000000100000000)
  region size 1024K, 19 young (19456K), 4 survivors (4096K)
 Metaspace       used 12735K, committed 12928K, reserved 1114112K
  class space    used 915K, committed 1024K, reserved 1048576K
}
Event: 1.872 GC heap after
{Heap after GC invocations=3 (full 0):
 garbage-first heap   total 65536K, used 33809K [0x00000000c0000000, 0x0000000100000000)
  region size 1024K, 1 young (1024K), 1 survivors (1024K)
 Metaspace       used 12735K, committed 12928K, reserved 1114112K
  class space    used 915K, committed 1024K, reserved 1048576K
}
Event: 2.088 GC heap before
{Heap before GC invocations=4 (full 0):
 garbage-first heap   total 65536K, used 50193K [0x00000000c0000000, 0x0000000100000000)
  region size 1024K, 17 young (17408K), 1 survivors (1024K)
 Metaspace       used 12737K, committed 12928K, reserved 1114112K
  class space    used 915K, committed 1024K, reserved 1048576K
}
Event: 2.089 GC heap after
{Heap after GC invocations=5 (full 0):
 garbage-first heap   total 65536K, used 33968K [0x00000000c0000000, 0x0000000100000000)
  region size 1024K, 2 young (2048K), 2 survivors (2048K)
 Metaspace       used 12737K, committed 12928K, reserved 1114112K
  class space    used 915K, committed 1024K, reserved 1048576K
}
Event: 2.104 GC heap before
{Heap before GC invocations=5 (full 0):
 garbage-first heap   total 65536K, used 34992K [0x00000000c0000000, 0x0000000100000000)
  region size 1024K, 3 young (3072K), 2 survivors (2048K)
 Metaspace       used 12737K, committed 12928K, reserved 1114112K
  class space    used 915K, committed 1024K, reserved 1048576K
}
Event: 2.106 GC heap after
{Heap after GC invocations=6 (full 0):
 garbage-first heap   total 65536K, used 33621K [0x00000000c0000000, 0x0000000100000000)
  region size 1024K, 1 young (1024K), 1 survivors (1024K)
 Metaspace       used 12737K, committed 12928K, reserved 1114112K
  class space    used 915K, committed 1024K, reserved 1048576K
}
Event: 2.337 GC heap before
{Heap before GC invocations=6 (full 0):
 garbage-first heap   total 65536K, used 51029K [0x00000000c0000000, 0x0000000100000000)
  region size 1024K, 18 young (18432K), 1 survivors (1024K)
 Metaspace       used 12748K, committed 12928K, reserved 1114112K
  class space    used 916K, committed 1024K, reserved 1048576K
}
Event: 2.338 GC heap after
{Heap after GC invocations=7 (full 0):
 garbage-first heap   total 65536K, used 33454K [0x00000000c0000000, 0x0000000100000000)
  region size 1024K, 1 young (1024K), 1 survivors (1024K)
 Metaspace       used 12748K, committed 12928K, reserved 1114112K
  class space    used 916K, committed 1024K, reserved 1048576K
}
Event: 2.602 GC heap before
{Heap before GC invocations=8 (full 0):
 garbage-first heap   total 65536K, used 51886K [0x00000000c0000000, 0x0000000100000000)
  region size 1024K, 19 young (19456K), 1 survivors (1024K)
 Metaspace       used 12777K, committed 12928K, reserved 1114112K
  class space    used 916K, committed 1024K, reserved 1048576K
}
Event: 2.603 GC heap after
{Heap after GC invocations=9 (full 0):
 garbage-first heap   total 65536K, used 33128K [0x00000000c0000000, 0x0000000100000000)
  region size 1024K, 1 young (1024K), 1 survivors (1024K)
 Metaspace       used 12777K, committed 12928K, reserved 1114112K
  class space    used 916K, committed 1024K, reserved 1048576K
}
Event: 2.837 GC heap before
{Heap before GC invocations=9 (full 0):
 garbage-first heap   total 65536K, used 51560K [0x00000000c0000000, 0x0000000100000000)
  region size 1024K, 19 young (19456K), 1 survivors (1024K)
 Metaspace       used 12798K, committed 12992K, reserved 1114112K
  class space    used 916K, committed 1024K, reserved 1048576K
}
Event: 2.838 GC heap after
{Heap after GC invocations=10 (full 0):
 garbage-first heap   total 65536K, used 33864K [0x00000000c0000000, 0x0000000100000000)
  region size 1024K, 1 young (1024K), 1 survivors (1024K)
 Metaspace       used 12798K, committed 12992K, reserved 1114112K
  class space    used 916K, committed 1024K, reserved 1048576K
}
Event: 3.103 GC heap before
{Heap before GC invocations=11 (full 0):
 garbage-first heap   total 65536K, used 53320K [0x00000000c0000000, 0x0000000100000000)
  region size 1024K, 20 young (20480K), 1 survivors (1024K)
 Metaspace       used 12837K, committed 13056K, reserved 1114112K
  class space    used 916K, committed 1024K, reserved 1048576K
}
Event: 3.104 GC heap after
{Heap after GC invocations=12 (full 0):
 garbage-first heap   total 87040K, used 33498K [0x00000000c0000000, 0x0000000100000000)
  region size 1024K, 1 young (1024K), 1 survivors (1024K)
 Metaspace       used 12837K, committed 13056K, reserved 1114112K
  class space    used 916K, committed 1024K, reserved 1048576K
}
Event: 3.604 GC heap before
{Heap before GC invocations=12 (full 0):
 garbage-first heap   total 87040K, used 71386K [0x00000000c0000000, 0x0000000100000000)
  region size 1024K, 38 young (38912K), 1 survivors (1024K)
 Metaspace       used 12848K, committed 13056K, reserved 1114112K
  class space    used 916K, committed 1024K, reserved 1048576K
}
Event: 3.605 GC heap after
{Heap after GC invocations=13 (full 0):
 garbage-first heap   total 87040K, used 33870K [0x00000000c0000000, 0x0000000100000000)
  region size 1024K, 1 young (1024K), 1 survivors (1024K)
 Metaspace       used 12848K, committed 13056K, reserved 1114112K
  class space    used 916K, committed 1024K, reserved 1048576K
}
Event: 4.135 GC heap before
{Heap before GC invocations=13 (full 0):
 garbage-first heap   total 87040K, used 72782K [0x00000000c0000000, 0x0000000100000000)
  region size 1024K, 39 young (39936K), 1 survivors (1024K)
 Metaspace       used 12896K, committed 13056K, reserved 1114112K
  class space    used 916K, committed 1024K, reserved 1048576K
}
Event: 4.136 GC heap after
{Heap after GC invocations=14 (full 0):
 garbage-first heap   total 87040K, used 33211K [0x00000000c0000000, 0x0000000100000000)
  region size 1024K, 1 young (1024K), 1 survivors (1024K)
 Metaspace       used 12896K, committed 13056K, reserved 1114112K
  class space    used 916K, committed 1024K, reserved 1048576K
}

