# JRE version: OpenJDK Runtime Environment Temurin-17.0.14+7 (17.0.14+7) (build 17.0.14+7)
# Java VM: OpenJDK 64-Bit Server VM Temurin-17.0.14+7 (17.0.14+7, mixed mode, sharing, tiered, compressed oops, compressed class ptrs, g1 gc, windows-amd64)
GC Precious Log:
 CPUs: 8 total, 8 available
 Memory: 7975M
 Large Page Support: Disabled
 NUMA Support: Disabled
 Compressed Oops: Enabled (32-bit)
 Heap Region Size: 1M
 Heap Min Capacity: 64M
 Heap Initial Capacity: 64M
 Heap Max Capacity: 1G
 Pre-touch: Disabled
 Parallel Workers: 8
 Concurrent Workers: 2
 Concurrent Refinement Workers: 8
 Periodic GC: Disabled
Heap:
 garbage-first heap   total 140288K, used 85627K [0x00000000c0000000, 0x0000000100000000)
  region size 1024K, 33 young (33792K), 2 survivors (2048K)
 Metaspace       used 13252K, committed 13440K, reserved 1114112K
  class space    used 918K, committed 1024K, reserved 1048576K
GC Heap History (20 events):
Event: 16.373 GC heap before
{Heap before GC invocations=31 (full 0):
 garbage-first heap   total 140288K, used 120466K [0x00000000c0000000, 0x0000000100000000)
  region size 1024K, 66 young (67584K), 2 survivors (2048K)
 Metaspace       used 13075K, committed 13248K, reserved 1114112K
  class space    used 913K, committed 1024K, reserved 1048576K
}
Event: 16.374 GC heap after
{Heap after GC invocations=32 (full 0):
 garbage-first heap   total 140288K, used 54090K [0x00000000c0000000, 0x0000000100000000)
  region size 1024K, 1 young (1024K), 1 survivors (1024K)
 Metaspace       used 13075K, committed 13248K, reserved 1114112K
  class space    used 913K, committed 1024K, reserved 1048576K
}
Event: 17.496 GC heap before
{Heap before GC invocations=32 (full 0):
 garbage-first heap   total 140288K, used 121674K [0x00000000c0000000, 0x0000000100000000)
  region size 1024K, 67 young (68608K), 1 survivors (1024K)
 Metaspace       used 13075K, committed 13248K, reserved 1114112K
  class space    used 913K, committed 1024K, reserved 1048576K
}
Event: 17.497 GC heap after
{Heap after GC invocations=33 (full 0):
 garbage-first heap   total 140288K, used 54551K [0x00000000c0000000, 0x0000000100000000)
  region size 1024K, 2 young (2048K), 2 survivors (2048K)
 Metaspace       used 13075K, committed 13248K, reserved 1114112K
  class space    used 913K, committed 1024K, reserved 1048576K
}
Event: 18.720 GC heap before
{Heap before GC invocations=33 (full 0):
 garbage-first heap   total 140288K, used 121111K [0x00000000c0000000, 0x0000000100000000)
  region size 1024K, 67 young (68608K), 2 survivors (2048K)
 Metaspace       used 13075K, committed 13248K, reserved 1114112K
  class space    used 913K, committed 1024K, reserved 1048576K
}
Event: 18.721 GC heap after
{Heap after GC invocations=34 (full 0):
 garbage-first heap   total 140288K, used 54488K [0x00000000c0000000, 0x0000000100000000)
  region size 1024K, 2 young (2048K), 2 survivors (2048K)
 Metaspace       used 13075K, committed 13248K, reserved 1114112K
  class space    used 913K, committed 1024K, reserved 1048576K
}
Event: 19.945 GC heap before
{Heap before GC invocations=34 (full 0):
 garbage-first heap   total 140288K, used 121048K [0x00000000c0000000, 0x0000000100000000)
  region size 1024K, 67 young (68608K), 2 survivors (2048K)
 Metaspace       used 13169K, committed 13376K, reserved 1114112K
  class space    used 913K, committed 1024K, reserved 1048576K
}
Event: 19.946 GC heap after
{Heap after GC invocations=35 (full 0):
 garbage-first heap   total 140288K, used 54574K [0x00000000c0000000, 0x0000000100000000)
  region size 1024K, 2 young (2048K), 2 survivors (2048K)
 Metaspace       used 13169K, committed 13376K, reserved 1114112K
  class space    used 913K, committed 1024K, reserved 1048576K
}
Event: 21.192 GC heap before
{Heap before GC invocations=35 (full 0):
 garbage-first heap   total 140288K, used 121134K [0x00000000c0000000, 0x0000000100000000)
  region size 1024K, 67 young (68608K), 2 survivors (2048K)
 Metaspace       used 13183K, committed 13376K, reserved 1114112K
  class space    used 913K, committed 1024K, reserved 1048576K
}
Event: 21.193 GC heap after
{Heap after GC invocations=36 (full 0):
 garbage-first heap   total 140288K, used 54308K [0x00000000c0000000, 0x0000000100000000)
  region size 1024K, 1 young (1024K), 1 survivors (1024K)
 Metaspace       used 13183K, committed 13376K, reserved 1114112K
  class space    used 913K, committed 1024K, reserved 1048576K
}
Event: 22.407 GC heap before
{Heap before GC invocations=36 (full 0):
 garbage-first heap   total 140288K, used 121892K [0x00000000c0000000, 0x0000000100000000)
  region size 1024K, 67 young (68608K), 1 survivors (1024K)
 Metaspace       used 13183K, committed 13376K, reserved 1114112K
  class space    used 913K, committed 1024K, reserved 1048576K
}
Event: 22.408 GC heap after
{Heap after GC invocations=37 (full 0):
 garbage-first heap   total 140288K, used 55048K [0x00000000c0000000, 0x0000000100000000)
  region size 1024K, 2 young (2048K), 2 survivors (2048K)
 Metaspace       used 13183K, committed 13376K, reserved 1114112K
  class space    used 913K, committed 1024K, reserved 1048576K
}
Event: 23.612 GC heap before
{Heap before GC invocations=37 (full 0):
 garbage-first heap   total 140288K, used 120584K [0x00000000c0000000, 0x0000000100000000)
  region size 1024K, 66 young (67584K), 2 survivors (2048K)
 Metaspace       used 13183K, committed 13376K, reserved 1114112K
  class space    used 913K, committed 1024K, reserved 1048576K
}
Event: 23.614 GC heap after
{Heap after GC invocations=38 (full 0):
 garbage-first heap   total 140288K, used 53902K [0x00000000c0000000, 0x0000000100000000)
  region size 1024K, 1 young (1024K), 1 survivors (1024K)
 Metaspace       used 13183K, committed 13376K, reserved 1114112K
  class space    used 913K, committed 1024K, reserved 1048576K
}
Event: 24.799 GC heap before
{Heap before GC invocations=38 (full 0):
 garbage-first heap   total 140288K, used 121486K [0x00000000c0000000, 0x0000000100000000)
  region size 1024K, 67 young (68608K), 1 survivors (1024K)
 Metaspace       used 13203K, committed 13376K, reserved 1114112K
  class space    used 913K, committed 1024K, reserved 1048576K
}
Event: 24.800 GC heap after
{Heap after GC invocations=39 (full 0):
 garbage-first heap   total 140288K, used 54575K [0x00000000c0000000, 0x0000000100000000)
  region size 1024K, 2 young (2048K), 2 survivors (2048K)
 Metaspace       used 13203K, committed 13376K, reserved 1114112K
  class space    used 913K, committed 1024K, reserved 1048576K
}
Event: 25.928 GC heap before
{Heap before GC invocations=39 (full 0):
 garbage-first heap   total 140288K, used 121135K [0x00000000c0000000, 0x0000000100000000)
  region size 1024K, 67 young (68608K), 2 survivors (2048K)
 Metaspace       used 13203K, committed 13376K, reserved 1114112K
  class space    used 913K, committed 1024K, reserved 1048576K
}
Event: 25.929 GC heap after
{Heap after GC invocations=40 (full 0):
 garbage-first heap   total 140288K, used 54667K [0x00000000c0000000, 0x0000000100000000)
  region size 1024K, 2 young (2048K), 2 survivors (2048K)
 Metaspace       used 13203K, committed 13376K, reserved 1114112K
  class space    used 913K, committed 1024K, reserved 1048576K
}
Event: 27.201 GC heap before
{Heap before GC invocations=40 (full 0):
 garbage-first heap   total 140288K, used 121227K [0x00000000c0000000, 0x0000000100000000)
  region size 1024K, 67 young (68608K), 2 survivors (2048K)
 Metaspace       used 13203K, committed 13376K, reserved 1114112K
  class space    used 913K, committed 1024K, reserved 1048576K
}
Event: 27.202 GC heap after
{Heap after GC invocations=41 (full 0):
 garbage-first heap   total 140288K, used 54907K [0x00000000c0000000, 0x0000000100000000)
  region size 1024K, 2 young (2048K), 2 survivors (2048K)
 Metaspace       used 13203K, committed 13376K, reserved 1114112K
  class space    used 913K, committed 1024K, reserved 1048576K
}

