# JRE version: OpenJDK Runtime Environment Temurin-17.0.14+7 (17.0.14+7) (build 17.0.14+7)
# Java VM: OpenJDK 64-Bit Server VM Temurin-17.0.14+7 (17.0.14+7, mixed mode, sharing, tiered, compressed oops, compressed class ptrs, g1 gc, windows-amd64)
GC Precious Log:
 CPUs: 8 total, 8 available
 Memory: 7975M
 Large Page Support: Disabled
 NUMA Support: Disabled
 Compressed Oops: Enabled (32-bit)
 Heap Region Size: 1M
 Heap Min Capacity: 64M
 Heap Initial Capacity: 64M
 Heap Max Capacity: 1G
 Pre-touch: Disabled
 Parallel Workers: 8
 Concurrent Workers: 2
 Concurrent Refinement Workers: 8
 Periodic GC: Disabled
Heap:
 garbage-first heap   total 78848K, used 48437K [0x00000000c0000000, 0x0000000100000000)
  region size 1024K, 17 young (17408K), 1 survivors (1024K)
 Metaspace       used 12928K, committed 13120K, reserved 1114112K
  class space    used 920K, committed 1024K, reserved 1048576K
GC Heap History (20 events):
Event: 0.912 GC heap before
{Heap before GC invocations=0 (full 0):
 garbage-first heap   total 65536K, used 23552K [0x00000000c0000000, 0x0000000100000000)
  region size 1024K, 23 young (23552K), 0 survivors (0K)
 Metaspace       used 10926K, committed 11072K, reserved 1114112K
  class space    used 748K, committed 832K, reserved 1048576K
}
Event: 0.918 GC heap after
{Heap after GC invocations=1 (full 0):
 garbage-first heap   total 65536K, used 2858K [0x00000000c0000000, 0x0000000100000000)
  region size 1024K, 3 young (3072K), 3 survivors (3072K)
 Metaspace       used 10926K, committed 11072K, reserved 1114112K
  class space    used 748K, committed 832K, reserved 1048576K
}
Event: 1.675 GC heap before
{Heap before GC invocations=1 (full 0):
 garbage-first heap   total 65536K, used 53034K [0x00000000c0000000, 0x0000000100000000)
  region size 1024K, 27 young (27648K), 3 survivors (3072K)
 Metaspace       used 12707K, committed 12928K, reserved 1114112K
  class space    used 915K, committed 1024K, reserved 1048576K
}
Event: 1.678 GC heap after
{Heap after GC invocations=2 (full 0):
 garbage-first heap   total 65536K, used 32840K [0x00000000c0000000, 0x0000000100000000)
  region size 1024K, 4 young (4096K), 4 survivors (4096K)
 Metaspace       used 12707K, committed 12928K, reserved 1114112K
  class space    used 915K, committed 1024K, reserved 1048576K
}
Event: 1.910 GC heap before
{Heap before GC invocations=2 (full 0):
 garbage-first heap   total 65536K, used 48200K [0x00000000c0000000, 0x0000000100000000)
  region size 1024K, 19 young (19456K), 4 survivors (4096K)
 Metaspace       used 12733K, committed 12928K, reserved 1114112K
  class space    used 916K, committed 1024K, reserved 1048576K
}
Event: 1.911 GC heap after
{Heap after GC invocations=3 (full 0):
 garbage-first heap   total 65536K, used 33690K [0x00000000c0000000, 0x0000000100000000)
  region size 1024K, 1 young (1024K), 1 survivors (1024K)
 Metaspace       used 12733K, committed 12928K, reserved 1114112K
  class space    used 916K, committed 1024K, reserved 1048576K
}
Event: 2.177 GC heap before
{Heap before GC invocations=4 (full 0):
 garbage-first heap   total 65536K, used 51098K [0x00000000c0000000, 0x0000000100000000)
  region size 1024K, 18 young (18432K), 1 survivors (1024K)
 Metaspace       used 12738K, committed 12928K, reserved 1114112K
  class space    used 916K, committed 1024K, reserved 1048576K
}
Event: 2.177 GC heap after
{Heap after GC invocations=5 (full 0):
 garbage-first heap   total 65536K, used 33471K [0x00000000c0000000, 0x0000000100000000)
  region size 1024K, 1 young (1024K), 1 survivors (1024K)
 Metaspace       used 12738K, committed 12928K, reserved 1114112K
  class space    used 916K, committed 1024K, reserved 1048576K
}
Event: 2.209 GC heap before
{Heap before GC invocations=5 (full 0):
 garbage-first heap   total 65536K, used 35519K [0x00000000c0000000, 0x0000000100000000)
  region size 1024K, 3 young (3072K), 1 survivors (1024K)
 Metaspace       used 12738K, committed 12928K, reserved 1114112K
  class space    used 916K, committed 1024K, reserved 1048576K
}
Event: 2.210 GC heap after
{Heap after GC invocations=6 (full 0):
 garbage-first heap   total 65536K, used 32944K [0x00000000c0000000, 0x0000000100000000)
  region size 1024K, 1 young (1024K), 1 survivors (1024K)
 Metaspace       used 12738K, committed 12928K, reserved 1114112K
  class space    used 916K, committed 1024K, reserved 1048576K
}
Event: 2.494 GC heap before
{Heap before GC invocations=6 (full 0):
 garbage-first heap   total 65536K, used 51376K [0x00000000c0000000, 0x0000000100000000)
  region size 1024K, 19 young (19456K), 1 survivors (1024K)
 Metaspace       used 12742K, committed 12928K, reserved 1114112K
  class space    used 916K, committed 1024K, reserved 1048576K
}
Event: 2.494 GC heap after
{Heap after GC invocations=7 (full 0):
 garbage-first heap   total 65536K, used 32928K [0x00000000c0000000, 0x0000000100000000)
  region size 1024K, 1 young (1024K), 1 survivors (1024K)
 Metaspace       used 12742K, committed 12928K, reserved 1114112K
  class space    used 916K, committed 1024K, reserved 1048576K
}
Event: 2.792 GC heap before
{Heap before GC invocations=8 (full 0):
 garbage-first heap   total 65536K, used 52384K [0x00000000c0000000, 0x0000000100000000)
  region size 1024K, 20 young (20480K), 1 survivors (1024K)
 Metaspace       used 12790K, committed 12992K, reserved 1114112K
  class space    used 916K, committed 1024K, reserved 1048576K
}
Event: 2.793 GC heap after
{Heap after GC invocations=9 (full 0):
 garbage-first heap   total 65536K, used 33066K [0x00000000c0000000, 0x0000000100000000)
  region size 1024K, 1 young (1024K), 1 survivors (1024K)
 Metaspace       used 12790K, committed 12992K, reserved 1114112K
  class space    used 916K, committed 1024K, reserved 1048576K
}
Event: 2.825 GC heap before
{Heap before GC invocations=9 (full 0):
 garbage-first heap   total 65536K, used 35114K [0x00000000c0000000, 0x0000000100000000)
  region size 1024K, 3 young (3072K), 1 survivors (1024K)
 Metaspace       used 12790K, committed 12992K, reserved 1114112K
  class space    used 916K, committed 1024K, reserved 1048576K
}
Event: 2.826 GC heap after
{Heap after GC invocations=10 (full 0):
 garbage-first heap   total 65536K, used 32564K [0x00000000c0000000, 0x0000000100000000)
  region size 1024K, 1 young (1024K), 1 survivors (1024K)
 Metaspace       used 12790K, committed 12992K, reserved 1114112K
  class space    used 916K, committed 1024K, reserved 1048576K
}
Event: 3.109 GC heap before
{Heap before GC invocations=10 (full 0):
 garbage-first heap   total 65536K, used 52020K [0x00000000c0000000, 0x0000000100000000)
  region size 1024K, 20 young (20480K), 1 survivors (1024K)
 Metaspace       used 12829K, committed 13056K, reserved 1114112K
  class space    used 916K, committed 1024K, reserved 1048576K
}
Event: 3.109 GC heap after
{Heap after GC invocations=11 (full 0):
 garbage-first heap   total 78848K, used 32743K [0x00000000c0000000, 0x0000000100000000)
  region size 1024K, 1 young (1024K), 1 survivors (1024K)
 Metaspace       used 12829K, committed 13056K, reserved 1114112K
  class space    used 916K, committed 1024K, reserved 1048576K
}
Event: 3.576 GC heap before
{Heap before GC invocations=12 (full 0):
 garbage-first heap   total 78848K, used 64487K [0x00000000c0000000, 0x0000000100000000)
  region size 1024K, 32 young (32768K), 1 survivors (1024K)
 Metaspace       used 12851K, committed 13056K, reserved 1114112K
  class space    used 916K, committed 1024K, reserved 1048576K
}
Event: 3.577 GC heap after
{Heap after GC invocations=13 (full 0):
 garbage-first heap   total 78848K, used 33077K [0x00000000c0000000, 0x0000000100000000)
  region size 1024K, 1 young (1024K), 1 survivors (1024K)
 Metaspace       used 12851K, committed 13056K, reserved 1114112K
  class space    used 916K, committed 1024K, reserved 1048576K
}

