# JRE version: OpenJDK Runtime Environment Temurin-17.0.14+7 (17.0.14+7) (build 17.0.14+7)
# Java VM: OpenJDK 64-Bit Server VM Temurin-17.0.14+7 (17.0.14+7, mixed mode, sharing, tiered, compressed oops, compressed class ptrs, g1 gc, windows-amd64)
GC Precious Log:
 CPUs: 8 total, 8 available
 Memory: 7975M
 Large Page Support: Disabled
 NUMA Support: Disabled
 Compressed Oops: Enabled (32-bit)
 Heap Region Size: 1M
 Heap Min Capacity: 64M
 Heap Initial Capacity: 64M
 Heap Max Capacity: 1G
 Pre-touch: Disabled
 Parallel Workers: 8
 Concurrent Workers: 2
 Concurrent Refinement Workers: 8
 Periodic GC: Disabled
Heap:
 garbage-first heap   total 137216K, used 56065K [0x00000000c0000000, 0x0000000100000000)
  region size 1024K, 4 young (4096K), 1 survivors (1024K)
 Metaspace       used 13254K, committed 13504K, reserved 1114112K
  class space    used 919K, committed 1024K, reserved 1048576K
GC Heap History (20 events):
Event: 11.175 GC heap before
{Heap before GC invocations=26 (full 0):
 garbage-first heap   total 137216K, used 118043K [0x00000000c0000000, 0x0000000100000000)
  region size 1024K, 64 young (65536K), 2 survivors (2048K)
 Metaspace       used 13089K, committed 13248K, reserved 1114112K
  class space    used 915K, committed 1024K, reserved 1048576K
}
Event: 11.176 GC heap after
{Heap after GC invocations=27 (full 0):
 garbage-first heap   total 137216K, used 54242K [0x00000000c0000000, 0x0000000100000000)
  region size 1024K, 2 young (2048K), 2 survivors (2048K)
 Metaspace       used 13089K, committed 13248K, reserved 1114112K
  class space    used 915K, committed 1024K, reserved 1048576K
}
Event: 12.310 GC heap before
{Heap before GC invocations=27 (full 0):
 garbage-first heap   total 137216K, used 117730K [0x00000000c0000000, 0x0000000100000000)
  region size 1024K, 64 young (65536K), 2 survivors (2048K)
 Metaspace       used 13089K, committed 13248K, reserved 1114112K
  class space    used 915K, committed 1024K, reserved 1048576K
}
Event: 12.311 GC heap after
{Heap after GC invocations=28 (full 0):
 garbage-first heap   total 137216K, used 53812K [0x00000000c0000000, 0x0000000100000000)
  region size 1024K, 1 young (1024K), 1 survivors (1024K)
 Metaspace       used 13089K, committed 13248K, reserved 1114112K
  class space    used 915K, committed 1024K, reserved 1048576K
}
Event: 13.481 GC heap before
{Heap before GC invocations=28 (full 0):
 garbage-first heap   total 137216K, used 119348K [0x00000000c0000000, 0x0000000100000000)
  region size 1024K, 65 young (66560K), 1 survivors (1024K)
 Metaspace       used 13089K, committed 13248K, reserved 1114112K
  class space    used 915K, committed 1024K, reserved 1048576K
}
Event: 13.481 GC heap after
{Heap after GC invocations=29 (full 0):
 garbage-first heap   total 137216K, used 53331K [0x00000000c0000000, 0x0000000100000000)
  region size 1024K, 1 young (1024K), 1 survivors (1024K)
 Metaspace       used 13089K, committed 13248K, reserved 1114112K
  class space    used 915K, committed 1024K, reserved 1048576K
}
Event: 14.560 GC heap before
{Heap before GC invocations=29 (full 0):
 garbage-first heap   total 137216K, used 118867K [0x00000000c0000000, 0x0000000100000000)
  region size 1024K, 65 young (66560K), 1 survivors (1024K)
 Metaspace       used 13169K, committed 13312K, reserved 1114112K
  class space    used 915K, committed 1024K, reserved 1048576K
}
Event: 14.561 GC heap after
{Heap after GC invocations=30 (full 0):
 garbage-first heap   total 137216K, used 54850K [0x00000000c0000000, 0x0000000100000000)
  region size 1024K, 2 young (2048K), 2 survivors (2048K)
 Metaspace       used 13169K, committed 13312K, reserved 1114112K
  class space    used 915K, committed 1024K, reserved 1048576K
}
Event: 15.619 GC heap before
{Heap before GC invocations=30 (full 0):
 garbage-first heap   total 137216K, used 118338K [0x00000000c0000000, 0x0000000100000000)
  region size 1024K, 64 young (65536K), 2 survivors (2048K)
 Metaspace       used 13181K, committed 13376K, reserved 1114112K
  class space    used 915K, committed 1024K, reserved 1048576K
}
Event: 15.620 GC heap after
{Heap after GC invocations=31 (full 0):
 garbage-first heap   total 137216K, used 54810K [0x00000000c0000000, 0x0000000100000000)
  region size 1024K, 2 young (2048K), 2 survivors (2048K)
 Metaspace       used 13181K, committed 13376K, reserved 1114112K
  class space    used 915K, committed 1024K, reserved 1048576K
}
Event: 16.734 GC heap before
{Heap before GC invocations=31 (full 0):
 garbage-first heap   total 137216K, used 118298K [0x00000000c0000000, 0x0000000100000000)
  region size 1024K, 64 young (65536K), 2 survivors (2048K)
 Metaspace       used 13181K, committed 13376K, reserved 1114112K
  class space    used 915K, committed 1024K, reserved 1048576K
}
Event: 16.735 GC heap after
{Heap after GC invocations=32 (full 0):
 garbage-first heap   total 137216K, used 54982K [0x00000000c0000000, 0x0000000100000000)
  region size 1024K, 2 young (2048K), 2 survivors (2048K)
 Metaspace       used 13181K, committed 13376K, reserved 1114112K
  class space    used 915K, committed 1024K, reserved 1048576K
}
Event: 17.817 GC heap before
{Heap before GC invocations=32 (full 0):
 garbage-first heap   total 137216K, used 118470K [0x00000000c0000000, 0x0000000100000000)
  region size 1024K, 64 young (65536K), 2 survivors (2048K)
 Metaspace       used 13181K, committed 13376K, reserved 1114112K
  class space    used 915K, committed 1024K, reserved 1048576K
}
Event: 17.818 GC heap after
{Heap after GC invocations=33 (full 0):
 garbage-first heap   total 137216K, used 54953K [0x00000000c0000000, 0x0000000100000000)
  region size 1024K, 2 young (2048K), 2 survivors (2048K)
 Metaspace       used 13181K, committed 13376K, reserved 1114112K
  class space    used 915K, committed 1024K, reserved 1048576K
}
Event: 18.877 GC heap before
{Heap before GC invocations=33 (full 0):
 garbage-first heap   total 137216K, used 118441K [0x00000000c0000000, 0x0000000100000000)
  region size 1024K, 64 young (65536K), 2 survivors (2048K)
 Metaspace       used 13210K, committed 13376K, reserved 1114112K
  class space    used 915K, committed 1024K, reserved 1048576K
}
Event: 18.878 GC heap after
{Heap after GC invocations=34 (full 0):
 garbage-first heap   total 137216K, used 54774K [0x00000000c0000000, 0x0000000100000000)
  region size 1024K, 2 young (2048K), 2 survivors (2048K)
 Metaspace       used 13210K, committed 13376K, reserved 1114112K
  class space    used 915K, committed 1024K, reserved 1048576K
}
Event: 19.924 GC heap before
{Heap before GC invocations=34 (full 0):
 garbage-first heap   total 137216K, used 118262K [0x00000000c0000000, 0x0000000100000000)
  region size 1024K, 64 young (65536K), 2 survivors (2048K)
 Metaspace       used 13210K, committed 13376K, reserved 1114112K
  class space    used 915K, committed 1024K, reserved 1048576K
}
Event: 19.925 GC heap after
{Heap after GC invocations=35 (full 0):
 garbage-first heap   total 137216K, used 54252K [0x00000000c0000000, 0x0000000100000000)
  region size 1024K, 2 young (2048K), 2 survivors (2048K)
 Metaspace       used 13210K, committed 13376K, reserved 1114112K
  class space    used 915K, committed 1024K, reserved 1048576K
}
Event: 20.987 GC heap before
{Heap before GC invocations=35 (full 0):
 garbage-first heap   total 137216K, used 117740K [0x00000000c0000000, 0x0000000100000000)
  region size 1024K, 64 young (65536K), 2 survivors (2048K)
 Metaspace       used 13210K, committed 13376K, reserved 1114112K
  class space    used 915K, committed 1024K, reserved 1048576K
}
Event: 20.988 GC heap after
{Heap after GC invocations=36 (full 0):
 garbage-first heap   total 137216K, used 54017K [0x00000000c0000000, 0x0000000100000000)
  region size 1024K, 1 young (1024K), 1 survivors (1024K)
 Metaspace       used 13210K, committed 13376K, reserved 1114112K
  class space    used 915K, committed 1024K, reserved 1048576K
}

