# JRE version: OpenJDK Runtime Environment Temurin-17.0.14+7 (17.0.14+7) (build 17.0.14+7)
# Java VM: OpenJDK 64-Bit Server VM Temurin-17.0.14+7 (17.0.14+7, mixed mode, sharing, tiered, compressed oops, compressed class ptrs, g1 gc, windows-amd64)
GC Precious Log:
 CPUs: 8 total, 8 available
 Memory: 7975M
 Large Page Support: Disabled
 NUMA Support: Disabled
 Compressed Oops: Enabled (32-bit)
 Heap Region Size: 1M
 Heap Min Capacity: 64M
 Heap Initial Capacity: 64M
 Heap Max Capacity: 1G
 Pre-touch: Disabled
 Parallel Workers: 8
 Concurrent Workers: 2
 Concurrent Refinement Workers: 8
 Periodic GC: Disabled
Heap:
 garbage-first heap   total 137216K, used 93951K [0x00000000c0000000, 0x0000000100000000)
  region size 1024K, 42 young (43008K), 1 survivors (1024K)
 Metaspace       used 13128K, committed 13312K, reserved 1114112K
  class space    used 918K, committed 1024K, reserved 1048576K
GC Heap History (20 events):
Event: 5.987 GC heap before
{Heap before GC invocations=14 (full 0):
 garbage-first heap   total 113664K, used 94327K [0x00000000c0000000, 0x0000000100000000)
  region size 1024K, 41 young (41984K), 2 survivors (2048K)
 Metaspace       used 12849K, committed 13056K, reserved 1114112K
  class space    used 913K, committed 1024K, reserved 1048576K
}
Event: 5.988 GC heap after
{Heap after GC invocations=15 (full 0):
 garbage-first heap   total 113664K, used 54493K [0x00000000c0000000, 0x0000000100000000)
  region size 1024K, 2 young (2048K), 2 survivors (2048K)
 Metaspace       used 12849K, committed 13056K, reserved 1114112K
  class space    used 913K, committed 1024K, reserved 1048576K
}
Event: 6.670 GC heap before
{Heap before GC invocations=16 (full 0):
 garbage-first heap   total 113664K, used 94429K [0x00000000c0000000, 0x0000000100000000)
  region size 1024K, 41 young (41984K), 2 survivors (2048K)
 Metaspace       used 12849K, committed 13056K, reserved 1114112K
  class space    used 913K, committed 1024K, reserved 1048576K
}
Event: 6.671 GC heap after
{Heap after GC invocations=17 (full 0):
 garbage-first heap   total 113664K, used 54442K [0x00000000c0000000, 0x0000000100000000)
  region size 1024K, 2 young (2048K), 2 survivors (2048K)
 Metaspace       used 12849K, committed 13056K, reserved 1114112K
  class space    used 913K, committed 1024K, reserved 1048576K
}
Event: 7.344 GC heap before
{Heap before GC invocations=17 (full 0):
 garbage-first heap   total 113664K, used 94378K [0x00000000c0000000, 0x0000000100000000)
  region size 1024K, 41 young (41984K), 2 survivors (2048K)
 Metaspace       used 12853K, committed 13056K, reserved 1114112K
  class space    used 913K, committed 1024K, reserved 1048576K
}
Event: 7.345 GC heap after
{Heap after GC invocations=18 (full 0):
 garbage-first heap   total 113664K, used 54192K [0x00000000c0000000, 0x0000000100000000)
  region size 1024K, 2 young (2048K), 2 survivors (2048K)
 Metaspace       used 12853K, committed 13056K, reserved 1114112K
  class space    used 913K, committed 1024K, reserved 1048576K
}
Event: 8.045 GC heap before
{Heap before GC invocations=19 (full 0):
 garbage-first heap   total 113664K, used 95152K [0x00000000c0000000, 0x0000000100000000)
  region size 1024K, 42 young (43008K), 2 survivors (2048K)
 Metaspace       used 12881K, committed 13056K, reserved 1114112K
  class space    used 913K, committed 1024K, reserved 1048576K
}
Event: 8.046 GC heap after
{Heap after GC invocations=20 (full 0):
 garbage-first heap   total 113664K, used 53159K [0x00000000c0000000, 0x0000000100000000)
  region size 1024K, 1 young (1024K), 1 survivors (1024K)
 Metaspace       used 12881K, committed 13056K, reserved 1114112K
  class space    used 913K, committed 1024K, reserved 1048576K
}
Event: 8.788 GC heap before
{Heap before GC invocations=20 (full 0):
 garbage-first heap   total 113664K, used 95143K [0x00000000c0000000, 0x0000000100000000)
  region size 1024K, 42 young (43008K), 1 survivors (1024K)
 Metaspace       used 12893K, committed 13120K, reserved 1114112K
  class space    used 913K, committed 1024K, reserved 1048576K
}
Event: 8.789 GC heap after
{Heap after GC invocations=21 (full 0):
 garbage-first heap   total 113664K, used 53098K [0x00000000c0000000, 0x0000000100000000)
  region size 1024K, 1 young (1024K), 1 survivors (1024K)
 Metaspace       used 12893K, committed 13120K, reserved 1114112K
  class space    used 913K, committed 1024K, reserved 1048576K
}
Event: 9.485 GC heap before
{Heap before GC invocations=22 (full 0):
 garbage-first heap   total 113664K, used 96106K [0x00000000c0000000, 0x0000000100000000)
  region size 1024K, 43 young (44032K), 1 survivors (1024K)
 Metaspace       used 12893K, committed 13120K, reserved 1114112K
  class space    used 913K, committed 1024K, reserved 1048576K
}
Event: 9.486 GC heap after
{Heap after GC invocations=23 (full 0):
 garbage-first heap   total 113664K, used 53674K [0x00000000c0000000, 0x0000000100000000)
  region size 1024K, 1 young (1024K), 1 survivors (1024K)
 Metaspace       used 12893K, committed 13120K, reserved 1114112K
  class space    used 913K, committed 1024K, reserved 1048576K
}
Event: 10.186 GC heap before
{Heap before GC invocations=23 (full 0):
 garbage-first heap   total 113664K, used 96682K [0x00000000c0000000, 0x0000000100000000)
  region size 1024K, 43 young (44032K), 1 survivors (1024K)
 Metaspace       used 12908K, committed 13120K, reserved 1114112K
  class space    used 913K, committed 1024K, reserved 1048576K
}
Event: 10.188 GC heap after
{Heap after GC invocations=24 (full 0):
 garbage-first heap   total 113664K, used 54229K [0x00000000c0000000, 0x0000000100000000)
  region size 1024K, 2 young (2048K), 2 survivors (2048K)
 Metaspace       used 12908K, committed 13120K, reserved 1114112K
  class space    used 913K, committed 1024K, reserved 1048576K
}
Event: 10.863 GC heap before
{Heap before GC invocations=25 (full 0):
 garbage-first heap   total 113664K, used 96213K [0x00000000c0000000, 0x0000000100000000)
  region size 1024K, 43 young (44032K), 2 survivors (2048K)
 Metaspace       used 12908K, committed 13120K, reserved 1114112K
  class space    used 913K, committed 1024K, reserved 1048576K
}
Event: 10.864 GC heap after
{Heap after GC invocations=26 (full 0):
 garbage-first heap   total 137216K, used 54086K [0x00000000c0000000, 0x0000000100000000)
  region size 1024K, 2 young (2048K), 2 survivors (2048K)
 Metaspace       used 12908K, committed 13120K, reserved 1114112K
  class space    used 913K, committed 1024K, reserved 1048576K
}
Event: 11.887 GC heap before
{Heap before GC invocations=26 (full 0):
 garbage-first heap   total 137216K, used 117574K [0x00000000c0000000, 0x0000000100000000)
  region size 1024K, 64 young (65536K), 2 survivors (2048K)
 Metaspace       used 12921K, committed 13120K, reserved 1114112K
  class space    used 914K, committed 1024K, reserved 1048576K
}
Event: 11.889 GC heap after
{Heap after GC invocations=27 (full 0):
 garbage-first heap   total 137216K, used 54513K [0x00000000c0000000, 0x0000000100000000)
  region size 1024K, 2 young (2048K), 2 survivors (2048K)
 Metaspace       used 12921K, committed 13120K, reserved 1114112K
  class space    used 914K, committed 1024K, reserved 1048576K
}
Event: 12.975 GC heap before
{Heap before GC invocations=27 (full 0):
 garbage-first heap   total 137216K, used 118001K [0x00000000c0000000, 0x0000000100000000)
  region size 1024K, 64 young (65536K), 2 survivors (2048K)
 Metaspace       used 13058K, committed 13248K, reserved 1114112K
  class space    used 914K, committed 1024K, reserved 1048576K
}
Event: 12.976 GC heap after
{Heap after GC invocations=28 (full 0):
 garbage-first heap   total 137216K, used 52991K [0x00000000c0000000, 0x0000000100000000)
  region size 1024K, 1 young (1024K), 1 survivors (1024K)
 Metaspace       used 13058K, committed 13248K, reserved 1114112K
  class space    used 914K, committed 1024K, reserved 1048576K
}

