# JRE version: OpenJDK Runtime Environment Temurin-17.0.14+7 (17.0.14+7) (build 17.0.14+7)
# Java VM: OpenJDK 64-Bit Server VM Temurin-17.0.14+7 (17.0.14+7, mixed mode, sharing, tiered, compressed oops, compressed class ptrs, g1 gc, windows-amd64)
GC Precious Log:
 CPUs: 8 total, 8 available
 Memory: 7975M
 Large Page Support: Disabled
 NUMA Support: Disabled
 Compressed Oops: Enabled (32-bit)
 Heap Region Size: 1M
 Heap Min Capacity: 64M
 Heap Initial Capacity: 64M
 Heap Max Capacity: 1G
 Pre-touch: Disabled
 Parallel Workers: 8
 Concurrent Workers: 2
 Concurrent Refinement Workers: 8
 Periodic GC: Disabled
Heap:
 garbage-first heap   total 81920K, used 52309K [0x00000000c0000000, 0x0000000100000000)
  region size 1024K, 21 young (21504K), 1 survivors (1024K)
 Metaspace       used 13258K, committed 13504K, reserved 1114112K
  class space    used 920K, committed 1024K, reserved 1048576K
GC Heap History (20 events):
Event: 10.914 GC heap before
{Heap before GC invocations=23 (full 0):
 garbage-first heap   total 81920K, used 70814K [0x00000000c0000000, 0x0000000100000000)
  region size 1024K, 38 young (38912K), 1 survivors (1024K)
 Metaspace       used 13182K, committed 13376K, reserved 1114112K
  class space    used 916K, committed 1024K, reserved 1048576K
}
Event: 10.915 GC heap after
{Heap after GC invocations=24 (full 0):
 garbage-first heap   total 81920K, used 33108K [0x00000000c0000000, 0x0000000100000000)
  region size 1024K, 1 young (1024K), 1 survivors (1024K)
 Metaspace       used 13182K, committed 13376K, reserved 1114112K
  class space    used 916K, committed 1024K, reserved 1048576K
}
Event: 11.708 GC heap before
{Heap before GC invocations=24 (full 0):
 garbage-first heap   total 81920K, used 70996K [0x00000000c0000000, 0x0000000100000000)
  region size 1024K, 38 young (38912K), 1 survivors (1024K)
 Metaspace       used 13213K, committed 13376K, reserved 1114112K
  class space    used 916K, committed 1024K, reserved 1048576K
}
Event: 11.709 GC heap after
{Heap after GC invocations=25 (full 0):
 garbage-first heap   total 81920K, used 32466K [0x00000000c0000000, 0x0000000100000000)
  region size 1024K, 1 young (1024K), 1 survivors (1024K)
 Metaspace       used 13213K, committed 13376K, reserved 1114112K
  class space    used 916K, committed 1024K, reserved 1048576K
}
Event: 12.418 GC heap before
{Heap before GC invocations=25 (full 0):
 garbage-first heap   total 81920K, used 70354K [0x00000000c0000000, 0x0000000100000000)
  region size 1024K, 38 young (38912K), 1 survivors (1024K)
 Metaspace       used 13213K, committed 13376K, reserved 1114112K
  class space    used 916K, committed 1024K, reserved 1048576K
}
Event: 12.419 GC heap after
{Heap after GC invocations=26 (full 0):
 garbage-first heap   total 81920K, used 32625K [0x00000000c0000000, 0x0000000100000000)
  region size 1024K, 1 young (1024K), 1 survivors (1024K)
 Metaspace       used 13213K, committed 13376K, reserved 1114112K
  class space    used 916K, committed 1024K, reserved 1048576K
}
Event: 13.156 GC heap before
{Heap before GC invocations=26 (full 0):
 garbage-first heap   total 81920K, used 70513K [0x00000000c0000000, 0x0000000100000000)
  region size 1024K, 38 young (38912K), 1 survivors (1024K)
 Metaspace       used 13213K, committed 13376K, reserved 1114112K
  class space    used 916K, committed 1024K, reserved 1048576K
}
Event: 13.156 GC heap after
{Heap after GC invocations=27 (full 0):
 garbage-first heap   total 81920K, used 32985K [0x00000000c0000000, 0x0000000100000000)
  region size 1024K, 1 young (1024K), 1 survivors (1024K)
 Metaspace       used 13213K, committed 13376K, reserved 1114112K
  class space    used 916K, committed 1024K, reserved 1048576K
}
Event: 13.949 GC heap before
{Heap before GC invocations=27 (full 0):
 garbage-first heap   total 81920K, used 70873K [0x00000000c0000000, 0x0000000100000000)
  region size 1024K, 38 young (38912K), 1 survivors (1024K)
 Metaspace       used 13213K, committed 13376K, reserved 1114112K
  class space    used 916K, committed 1024K, reserved 1048576K
}
Event: 13.949 GC heap after
{Heap after GC invocations=28 (full 0):
 garbage-first heap   total 81920K, used 32360K [0x00000000c0000000, 0x0000000100000000)
  region size 1024K, 1 young (1024K), 1 survivors (1024K)
 Metaspace       used 13213K, committed 13376K, reserved 1114112K
  class space    used 916K, committed 1024K, reserved 1048576K
}
Event: 14.711 GC heap before
{Heap before GC invocations=28 (full 0):
 garbage-first heap   total 81920K, used 70248K [0x00000000c0000000, 0x0000000100000000)
  region size 1024K, 38 young (38912K), 1 survivors (1024K)
 Metaspace       used 13215K, committed 13376K, reserved 1114112K
  class space    used 916K, committed 1024K, reserved 1048576K
}
Event: 14.712 GC heap after
{Heap after GC invocations=29 (full 0):
 garbage-first heap   total 81920K, used 32625K [0x00000000c0000000, 0x0000000100000000)
  region size 1024K, 1 young (1024K), 1 survivors (1024K)
 Metaspace       used 13215K, committed 13376K, reserved 1114112K
  class space    used 916K, committed 1024K, reserved 1048576K
}
Event: 15.520 GC heap before
{Heap before GC invocations=29 (full 0):
 garbage-first heap   total 81920K, used 70513K [0x00000000c0000000, 0x0000000100000000)
  region size 1024K, 38 young (38912K), 1 survivors (1024K)
 Metaspace       used 13215K, committed 13376K, reserved 1114112K
  class space    used 916K, committed 1024K, reserved 1048576K
}
Event: 15.521 GC heap after
{Heap after GC invocations=30 (full 0):
 garbage-first heap   total 81920K, used 32878K [0x00000000c0000000, 0x0000000100000000)
  region size 1024K, 1 young (1024K), 1 survivors (1024K)
 Metaspace       used 13215K, committed 13376K, reserved 1114112K
  class space    used 916K, committed 1024K, reserved 1048576K
}
Event: 16.239 GC heap before
{Heap before GC invocations=30 (full 0):
 garbage-first heap   total 81920K, used 70766K [0x00000000c0000000, 0x0000000100000000)
  region size 1024K, 38 young (38912K), 1 survivors (1024K)
 Metaspace       used 13215K, committed 13376K, reserved 1114112K
  class space    used 916K, committed 1024K, reserved 1048576K
}
Event: 16.240 GC heap after
{Heap after GC invocations=31 (full 0):
 garbage-first heap   total 81920K, used 33106K [0x00000000c0000000, 0x0000000100000000)
  region size 1024K, 1 young (1024K), 1 survivors (1024K)
 Metaspace       used 13215K, committed 13376K, reserved 1114112K
  class space    used 916K, committed 1024K, reserved 1048576K
}
Event: 17.023 GC heap before
{Heap before GC invocations=31 (full 0):
 garbage-first heap   total 81920K, used 70994K [0x00000000c0000000, 0x0000000100000000)
  region size 1024K, 38 young (38912K), 1 survivors (1024K)
 Metaspace       used 13215K, committed 13376K, reserved 1114112K
  class space    used 916K, committed 1024K, reserved 1048576K
}
Event: 17.024 GC heap after
{Heap after GC invocations=32 (full 0):
 garbage-first heap   total 81920K, used 32428K [0x00000000c0000000, 0x0000000100000000)
  region size 1024K, 1 young (1024K), 1 survivors (1024K)
 Metaspace       used 13215K, committed 13376K, reserved 1114112K
  class space    used 916K, committed 1024K, reserved 1048576K
}
Event: 17.760 GC heap before
{Heap before GC invocations=32 (full 0):
 garbage-first heap   total 81920K, used 70316K [0x00000000c0000000, 0x0000000100000000)
  region size 1024K, 38 young (38912K), 1 survivors (1024K)
 Metaspace       used 13215K, committed 13376K, reserved 1114112K
  class space    used 916K, committed 1024K, reserved 1048576K
}
Event: 17.761 GC heap after
{Heap after GC invocations=33 (full 0):
 garbage-first heap   total 81920K, used 32853K [0x00000000c0000000, 0x0000000100000000)
  region size 1024K, 1 young (1024K), 1 survivors (1024K)
 Metaspace       used 13215K, committed 13376K, reserved 1114112K
  class space    used 916K, committed 1024K, reserved 1048576K
}

