# JRE version: OpenJDK Runtime Environment Temurin-17.0.14+7 (17.0.14+7) (build 17.0.14+7)
# Java VM: OpenJDK 64-Bit Server VM Temurin-17.0.14+7 (17.0.14+7, mixed mode, sharing, tiered, compressed oops, compressed class ptrs, g1 gc, windows-amd64)
GC Precious Log:
 CPUs: 8 total, 8 available
 Memory: 7975M
 Large Page Support: Disabled
 NUMA Support: Disabled
 Compressed Oops: Enabled (32-bit)
 Heap Region Size: 1M
 Heap Min Capacity: 64M
 Heap Initial Capacity: 64M
 Heap Max Capacity: 1G
 Pre-touch: Disabled
 Parallel Workers: 8
 Concurrent Workers: 2
 Concurrent Refinement Workers: 8
 Periodic GC: Disabled
Heap:
 garbage-first heap   total 78848K, used 38383K [0x00000000c0000000, 0x0000000100000000)
  region size 1024K, 7 young (7168K), 1 survivors (1024K)
 Metaspace       used 13256K, committed 13440K, reserved 1114112K
  class space    used 920K, committed 1024K, reserved 1048576K
GC Heap History (20 events):
Event: 8.098 GC heap before
{Heap before GC invocations=18 (full 0):
 garbage-first heap   total 78848K, used 67513K [0x00000000c0000000, 0x0000000100000000)
  region size 1024K, 35 young (35840K), 1 survivors (1024K)
 Metaspace       used 13050K, committed 13248K, reserved 1114112K
  class space    used 916K, committed 1024K, reserved 1048576K
}
Event: 8.099 GC heap after
{Heap after GC invocations=19 (full 0):
 garbage-first heap   total 78848K, used 32718K [0x00000000c0000000, 0x0000000100000000)
  region size 1024K, 1 young (1024K), 1 survivors (1024K)
 Metaspace       used 13050K, committed 13248K, reserved 1114112K
  class space    used 916K, committed 1024K, reserved 1048576K
}
Event: 8.714 GC heap before
{Heap before GC invocations=19 (full 0):
 garbage-first heap   total 78848K, used 67534K [0x00000000c0000000, 0x0000000100000000)
  region size 1024K, 35 young (35840K), 1 survivors (1024K)
 Metaspace       used 13050K, committed 13248K, reserved 1114112K
  class space    used 916K, committed 1024K, reserved 1048576K
}
Event: 8.715 GC heap after
{Heap after GC invocations=20 (full 0):
 garbage-first heap   total 78848K, used 33298K [0x00000000c0000000, 0x0000000100000000)
  region size 1024K, 1 young (1024K), 1 survivors (1024K)
 Metaspace       used 13050K, committed 13248K, reserved 1114112K
  class space    used 916K, committed 1024K, reserved 1048576K
}
Event: 9.347 GC heap before
{Heap before GC invocations=20 (full 0):
 garbage-first heap   total 78848K, used 68114K [0x00000000c0000000, 0x0000000100000000)
  region size 1024K, 35 young (35840K), 1 survivors (1024K)
 Metaspace       used 13078K, committed 13248K, reserved 1114112K
  class space    used 916K, committed 1024K, reserved 1048576K
}
Event: 9.348 GC heap after
{Heap after GC invocations=21 (full 0):
 garbage-first heap   total 78848K, used 32759K [0x00000000c0000000, 0x0000000100000000)
  region size 1024K, 1 young (1024K), 1 survivors (1024K)
 Metaspace       used 13078K, committed 13248K, reserved 1114112K
  class space    used 916K, committed 1024K, reserved 1048576K
}
Event: 9.981 GC heap before
{Heap before GC invocations=21 (full 0):
 garbage-first heap   total 78848K, used 67575K [0x00000000c0000000, 0x0000000100000000)
  region size 1024K, 35 young (35840K), 1 survivors (1024K)
 Metaspace       used 13078K, committed 13248K, reserved 1114112K
  class space    used 916K, committed 1024K, reserved 1048576K
}
Event: 9.982 GC heap after
{Heap after GC invocations=22 (full 0):
 garbage-first heap   total 78848K, used 33387K [0x00000000c0000000, 0x0000000100000000)
  region size 1024K, 1 young (1024K), 1 survivors (1024K)
 Metaspace       used 13078K, committed 13248K, reserved 1114112K
  class space    used 916K, committed 1024K, reserved 1048576K
}
Event: 10.641 GC heap before
{Heap before GC invocations=22 (full 0):
 garbage-first heap   total 78848K, used 68203K [0x00000000c0000000, 0x0000000100000000)
  region size 1024K, 35 young (35840K), 1 survivors (1024K)
 Metaspace       used 13171K, committed 13376K, reserved 1114112K
  class space    used 916K, committed 1024K, reserved 1048576K
}
Event: 10.642 GC heap after
{Heap after GC invocations=23 (full 0):
 garbage-first heap   total 78848K, used 33089K [0x00000000c0000000, 0x0000000100000000)
  region size 1024K, 1 young (1024K), 1 survivors (1024K)
 Metaspace       used 13171K, committed 13376K, reserved 1114112K
  class space    used 916K, committed 1024K, reserved 1048576K
}
Event: 11.289 GC heap before
{Heap before GC invocations=23 (full 0):
 garbage-first heap   total 78848K, used 67905K [0x00000000c0000000, 0x0000000100000000)
  region size 1024K, 35 young (35840K), 1 survivors (1024K)
 Metaspace       used 13171K, committed 13376K, reserved 1114112K
  class space    used 916K, committed 1024K, reserved 1048576K
}
Event: 11.290 GC heap after
{Heap after GC invocations=24 (full 0):
 garbage-first heap   total 78848K, used 32571K [0x00000000c0000000, 0x0000000100000000)
  region size 1024K, 1 young (1024K), 1 survivors (1024K)
 Metaspace       used 13171K, committed 13376K, reserved 1114112K
  class space    used 916K, committed 1024K, reserved 1048576K
}
Event: 11.916 GC heap before
{Heap before GC invocations=24 (full 0):
 garbage-first heap   total 78848K, used 67387K [0x00000000c0000000, 0x0000000100000000)
  region size 1024K, 35 young (35840K), 1 survivors (1024K)
 Metaspace       used 13171K, committed 13376K, reserved 1114112K
  class space    used 916K, committed 1024K, reserved 1048576K
}
Event: 11.917 GC heap after
{Heap after GC invocations=25 (full 0):
 garbage-first heap   total 78848K, used 32978K [0x00000000c0000000, 0x0000000100000000)
  region size 1024K, 1 young (1024K), 1 survivors (1024K)
 Metaspace       used 13171K, committed 13376K, reserved 1114112K
  class space    used 916K, committed 1024K, reserved 1048576K
}
Event: 12.532 GC heap before
{Heap before GC invocations=25 (full 0):
 garbage-first heap   total 78848K, used 67794K [0x00000000c0000000, 0x0000000100000000)
  region size 1024K, 35 young (35840K), 1 survivors (1024K)
 Metaspace       used 13185K, committed 13376K, reserved 1114112K
  class space    used 916K, committed 1024K, reserved 1048576K
}
Event: 12.533 GC heap after
{Heap after GC invocations=26 (full 0):
 garbage-first heap   total 78848K, used 33201K [0x00000000c0000000, 0x0000000100000000)
  region size 1024K, 1 young (1024K), 1 survivors (1024K)
 Metaspace       used 13185K, committed 13376K, reserved 1114112K
  class space    used 916K, committed 1024K, reserved 1048576K
}
Event: 13.182 GC heap before
{Heap before GC invocations=26 (full 0):
 garbage-first heap   total 78848K, used 68017K [0x00000000c0000000, 0x0000000100000000)
  region size 1024K, 35 young (35840K), 1 survivors (1024K)
 Metaspace       used 13214K, committed 13376K, reserved 1114112K
  class space    used 916K, committed 1024K, reserved 1048576K
}
Event: 13.183 GC heap after
{Heap after GC invocations=27 (full 0):
 garbage-first heap   total 78848K, used 32700K [0x00000000c0000000, 0x0000000100000000)
  region size 1024K, 1 young (1024K), 1 survivors (1024K)
 Metaspace       used 13214K, committed 13376K, reserved 1114112K
  class space    used 916K, committed 1024K, reserved 1048576K
}
Event: 13.822 GC heap before
{Heap before GC invocations=27 (full 0):
 garbage-first heap   total 78848K, used 67516K [0x00000000c0000000, 0x0000000100000000)
  region size 1024K, 35 young (35840K), 1 survivors (1024K)
 Metaspace       used 13214K, committed 13376K, reserved 1114112K
  class space    used 916K, committed 1024K, reserved 1048576K
}
Event: 13.823 GC heap after
{Heap after GC invocations=28 (full 0):
 garbage-first heap   total 78848K, used 33263K [0x00000000c0000000, 0x0000000100000000)
  region size 1024K, 1 young (1024K), 1 survivors (1024K)
 Metaspace       used 13214K, committed 13376K, reserved 1114112K
  class space    used 916K, committed 1024K, reserved 1048576K
}

