# JRE version: OpenJDK Runtime Environment Temurin-17.0.14+7 (17.0.14+7) (build 17.0.14+7)
# Java VM: OpenJDK 64-Bit Server VM Temurin-17.0.14+7 (17.0.14+7, mixed mode, sharing, tiered, compressed oops, compressed class ptrs, g1 gc, windows-amd64)
GC Precious Log:
 CPUs: 8 total, 8 available
 Memory: 7975M
 Large Page Support: Disabled
 NUMA Support: Disabled
 Compressed Oops: Enabled (32-bit)
 Heap Region Size: 1M
 Heap Min Capacity: 64M
 Heap Initial Capacity: 64M
 Heap Max Capacity: 1G
 Pre-touch: Disabled
 Parallel Workers: 8
 Concurrent Workers: 2
 Concurrent Refinement Workers: 8
 Periodic GC: Disabled
Heap:
 garbage-first heap   total 162816K, used 95736K [0x00000000c0000000, 0x0000000100000000)
  region size 1024K, 26 young (26624K), 3 survivors (3072K)
 Metaspace       used 14687K, committed 14848K, reserved 1114112K
  class space    used 1016K, committed 1088K, reserved 1048576K
GC Heap History (20 events):
Event: 1471.906 GC heap before
{Heap before GC invocations=10800 (full 0):
 garbage-first heap   total 162816K, used 93688K [0x00000000c0000000, 0x0000000100000000)
  region size 1024K, 24 young (24576K), 3 survivors (3072K)
 Metaspace       used 14635K, committed 14848K, reserved 1114112K
  class space    used 1011K, committed 1088K, reserved 1048576K
}
Event: 1471.908 GC heap after
{Heap after GC invocations=10801 (full 0):
 garbage-first heap   total 162816K, used 65016K [0x00000000c0000000, 0x0000000100000000)
  region size 1024K, 3 young (3072K), 3 survivors (3072K)
 Metaspace       used 14635K, committed 14848K, reserved 1114112K
  class space    used 1011K, committed 1088K, reserved 1048576K
}
Event: 1472.047 GC heap before
{Heap before GC invocations=10801 (full 0):
 garbage-first heap   total 162816K, used 93688K [0x00000000c0000000, 0x0000000100000000)
  region size 1024K, 24 young (24576K), 3 survivors (3072K)
 Metaspace       used 14635K, committed 14848K, reserved 1114112K
  class space    used 1011K, committed 1088K, reserved 1048576K
}
Event: 1472.049 GC heap after
{Heap after GC invocations=10802 (full 0):
 garbage-first heap   total 162816K, used 65067K [0x00000000c0000000, 0x0000000100000000)
  region size 1024K, 3 young (3072K), 3 survivors (3072K)
 Metaspace       used 14635K, committed 14848K, reserved 1114112K
  class space    used 1011K, committed 1088K, reserved 1048576K
}
Event: 1472.186 GC heap before
{Heap before GC invocations=10802 (full 0):
 garbage-first heap   total 162816K, used 93739K [0x00000000c0000000, 0x0000000100000000)
  region size 1024K, 24 young (24576K), 3 survivors (3072K)
 Metaspace       used 14635K, committed 14848K, reserved 1114112K
  class space    used 1011K, committed 1088K, reserved 1048576K
}
Event: 1472.188 GC heap after
{Heap after GC invocations=10803 (full 0):
 garbage-first heap   total 162816K, used 65032K [0x00000000c0000000, 0x0000000100000000)
  region size 1024K, 3 young (3072K), 3 survivors (3072K)
 Metaspace       used 14635K, committed 14848K, reserved 1114112K
  class space    used 1011K, committed 1088K, reserved 1048576K
}
Event: 1472.317 GC heap before
{Heap before GC invocations=10803 (full 0):
 garbage-first heap   total 162816K, used 93704K [0x00000000c0000000, 0x0000000100000000)
  region size 1024K, 24 young (24576K), 3 survivors (3072K)
 Metaspace       used 14635K, committed 14848K, reserved 1114112K
  class space    used 1011K, committed 1088K, reserved 1048576K
}
Event: 1472.319 GC heap after
{Heap after GC invocations=10804 (full 0):
 garbage-first heap   total 162816K, used 65024K [0x00000000c0000000, 0x0000000100000000)
  region size 1024K, 3 young (3072K), 3 survivors (3072K)
 Metaspace       used 14635K, committed 14848K, reserved 1114112K
  class space    used 1011K, committed 1088K, reserved 1048576K
}
Event: 1472.462 GC heap before
{Heap before GC invocations=10804 (full 0):
 garbage-first heap   total 162816K, used 93696K [0x00000000c0000000, 0x0000000100000000)
  region size 1024K, 24 young (24576K), 3 survivors (3072K)
 Metaspace       used 14635K, committed 14848K, reserved 1114112K
  class space    used 1011K, committed 1088K, reserved 1048576K
}
Event: 1472.463 GC heap after
{Heap after GC invocations=10805 (full 0):
 garbage-first heap   total 162816K, used 65066K [0x00000000c0000000, 0x0000000100000000)
  region size 1024K, 3 young (3072K), 3 survivors (3072K)
 Metaspace       used 14635K, committed 14848K, reserved 1114112K
  class space    used 1011K, committed 1088K, reserved 1048576K
}
Event: 1472.596 GC heap before
{Heap before GC invocations=10805 (full 0):
 garbage-first heap   total 162816K, used 93738K [0x00000000c0000000, 0x0000000100000000)
  region size 1024K, 24 young (24576K), 3 survivors (3072K)
 Metaspace       used 14635K, committed 14848K, reserved 1114112K
  class space    used 1011K, committed 1088K, reserved 1048576K
}
Event: 1472.598 GC heap after
{Heap after GC invocations=10806 (full 0):
 garbage-first heap   total 162816K, used 65016K [0x00000000c0000000, 0x0000000100000000)
  region size 1024K, 3 young (3072K), 3 survivors (3072K)
 Metaspace       used 14635K, committed 14848K, reserved 1114112K
  class space    used 1011K, committed 1088K, reserved 1048576K
}
Event: 1472.732 GC heap before
{Heap before GC invocations=10806 (full 0):
 garbage-first heap   total 162816K, used 93688K [0x00000000c0000000, 0x0000000100000000)
  region size 1024K, 24 young (24576K), 3 survivors (3072K)
 Metaspace       used 14635K, committed 14848K, reserved 1114112K
  class space    used 1011K, committed 1088K, reserved 1048576K
}
Event: 1472.735 GC heap after
{Heap after GC invocations=10807 (full 0):
 garbage-first heap   total 162816K, used 65015K [0x00000000c0000000, 0x0000000100000000)
  region size 1024K, 3 young (3072K), 3 survivors (3072K)
 Metaspace       used 14635K, committed 14848K, reserved 1114112K
  class space    used 1011K, committed 1088K, reserved 1048576K
}
Event: 1472.896 GC heap before
{Heap before GC invocations=10807 (full 0):
 garbage-first heap   total 162816K, used 93687K [0x00000000c0000000, 0x0000000100000000)
  region size 1024K, 24 young (24576K), 3 survivors (3072K)
 Metaspace       used 14635K, committed 14848K, reserved 1114112K
  class space    used 1011K, committed 1088K, reserved 1048576K
}
Event: 1472.897 GC heap after
{Heap after GC invocations=10808 (full 0):
 garbage-first heap   total 162816K, used 65067K [0x00000000c0000000, 0x0000000100000000)
  region size 1024K, 3 young (3072K), 3 survivors (3072K)
 Metaspace       used 14635K, committed 14848K, reserved 1114112K
  class space    used 1011K, committed 1088K, reserved 1048576K
}
Event: 1473.043 GC heap before
{Heap before GC invocations=10808 (full 0):
 garbage-first heap   total 162816K, used 93739K [0x00000000c0000000, 0x0000000100000000)
  region size 1024K, 24 young (24576K), 3 survivors (3072K)
 Metaspace       used 14635K, committed 14848K, reserved 1114112K
  class space    used 1011K, committed 1088K, reserved 1048576K
}
Event: 1473.044 GC heap after
{Heap after GC invocations=10809 (full 0):
 garbage-first heap   total 162816K, used 65066K [0x00000000c0000000, 0x0000000100000000)
  region size 1024K, 3 young (3072K), 3 survivors (3072K)
 Metaspace       used 14635K, committed 14848K, reserved 1114112K
  class space    used 1011K, committed 1088K, reserved 1048576K
}
Event: 1473.181 GC heap before
{Heap before GC invocations=10809 (full 0):
 garbage-first heap   total 162816K, used 93738K [0x00000000c0000000, 0x0000000100000000)
  region size 1024K, 24 young (24576K), 3 survivors (3072K)
 Metaspace       used 14635K, committed 14848K, reserved 1114112K
  class space    used 1011K, committed 1088K, reserved 1048576K
}
Event: 1473.182 GC heap after
{Heap after GC invocations=10810 (full 0):
 garbage-first heap   total 162816K, used 65016K [0x00000000c0000000, 0x0000000100000000)
  region size 1024K, 3 young (3072K), 3 survivors (3072K)
 Metaspace       used 14635K, committed 14848K, reserved 1114112K
  class space    used 1011K, committed 1088K, reserved 1048576K
}

