# JRE version: OpenJDK Runtime Environment Temurin-17.0.14+7 (17.0.14+7) (build 17.0.14+7)
# Java VM: OpenJDK 64-Bit Server VM Temurin-17.0.14+7 (17.0.14+7, mixed mode, sharing, tiered, compressed oops, compressed class ptrs, g1 gc, windows-amd64)
GC Precious Log:
 CPUs: 8 total, 8 available
 Memory: 7975M
 Large Page Support: Disabled
 NUMA Support: Disabled
 Compressed Oops: Enabled (32-bit)
 Heap Region Size: 1M
 Heap Min Capacity: 64M
 Heap Initial Capacity: 64M
 Heap Max Capacity: 1G
 Pre-touch: Disabled
 Parallel Workers: 8
 Concurrent Workers: 2
 Concurrent Refinement Workers: 8
 Periodic GC: Disabled
Heap:
 garbage-first heap   total 175104K, used 119746K [0x00000000c0000000, 0x0000000100000000)
  region size 1024K, 39 young (39936K), 3 survivors (3072K)
 Metaspace       used 13144K, committed 13376K, reserved 1114112K
  class space    used 919K, committed 1024K, reserved 1048576K
GC Heap History (20 events):
Event: 10.994 GC heap before
{Heap before GC invocations=25 (full 0):
 garbage-first heap   total 175104K, used 148648K [0x00000000c0000000, 0x0000000100000000)
  region size 1024K, 66 young (67584K), 2 survivors (2048K)
 Metaspace       used 12904K, committed 13120K, reserved 1114112K
  class space    used 915K, committed 1024K, reserved 1048576K
}
Event: 10.996 GC heap after
{Heap after GC invocations=26 (full 0):
 garbage-first heap   total 175104K, used 84660K [0x00000000c0000000, 0x0000000100000000)
  region size 1024K, 3 young (3072K), 3 survivors (3072K)
 Metaspace       used 12904K, committed 13120K, reserved 1114112K
  class space    used 915K, committed 1024K, reserved 1048576K
}
Event: 12.084 GC heap before
{Heap before GC invocations=26 (full 0):
 garbage-first heap   total 175104K, used 149172K [0x00000000c0000000, 0x0000000100000000)
  region size 1024K, 66 young (67584K), 3 survivors (3072K)
 Metaspace       used 12904K, committed 13120K, reserved 1114112K
  class space    used 915K, committed 1024K, reserved 1048576K
}
Event: 12.085 GC heap after
{Heap after GC invocations=27 (full 0):
 garbage-first heap   total 175104K, used 82678K [0x00000000c0000000, 0x0000000100000000)
  region size 1024K, 1 young (1024K), 1 survivors (1024K)
 Metaspace       used 12904K, committed 13120K, reserved 1114112K
  class space    used 915K, committed 1024K, reserved 1048576K
}
Event: 13.215 GC heap before
{Heap before GC invocations=28 (full 0):
 garbage-first heap   total 175104K, used 150262K [0x00000000c0000000, 0x0000000100000000)
  region size 1024K, 67 young (68608K), 1 survivors (1024K)
 Metaspace       used 12919K, committed 13120K, reserved 1114112K
  class space    used 915K, committed 1024K, reserved 1048576K
}
Event: 13.216 GC heap after
{Heap after GC invocations=29 (full 0):
 garbage-first heap   total 175104K, used 83044K [0x00000000c0000000, 0x0000000100000000)
  region size 1024K, 2 young (2048K), 2 survivors (2048K)
 Metaspace       used 12919K, committed 13120K, reserved 1114112K
  class space    used 915K, committed 1024K, reserved 1048576K
}
Event: 14.279 GC heap before
{Heap before GC invocations=29 (full 0):
 garbage-first heap   total 175104K, used 149604K [0x00000000c0000000, 0x0000000100000000)
  region size 1024K, 67 young (68608K), 2 survivors (2048K)
 Metaspace       used 12919K, committed 13120K, reserved 1114112K
  class space    used 915K, committed 1024K, reserved 1048576K
}
Event: 14.281 GC heap after
{Heap after GC invocations=30 (full 0):
 garbage-first heap   total 175104K, used 84721K [0x00000000c0000000, 0x0000000100000000)
  region size 1024K, 3 young (3072K), 3 survivors (3072K)
 Metaspace       used 12919K, committed 13120K, reserved 1114112K
  class space    used 915K, committed 1024K, reserved 1048576K
}
Event: 15.380 GC heap before
{Heap before GC invocations=31 (full 0):
 garbage-first heap   total 175104K, used 150257K [0x00000000c0000000, 0x0000000100000000)
  region size 1024K, 67 young (68608K), 3 survivors (3072K)
 Metaspace       used 12926K, committed 13120K, reserved 1114112K
  class space    used 915K, committed 1024K, reserved 1048576K
}
Event: 15.382 GC heap after
{Heap after GC invocations=32 (full 0):
 garbage-first heap   total 175104K, used 83787K [0x00000000c0000000, 0x0000000100000000)
  region size 1024K, 2 young (2048K), 2 survivors (2048K)
 Metaspace       used 12926K, committed 13120K, reserved 1114112K
  class space    used 915K, committed 1024K, reserved 1048576K
}
Event: 16.516 GC heap before
{Heap before GC invocations=32 (full 0):
 garbage-first heap   total 175104K, used 150347K [0x00000000c0000000, 0x0000000100000000)
  region size 1024K, 67 young (68608K), 2 survivors (2048K)
 Metaspace       used 12992K, committed 13184K, reserved 1114112K
  class space    used 915K, committed 1024K, reserved 1048576K
}
Event: 16.518 GC heap after
{Heap after GC invocations=33 (full 0):
 garbage-first heap   total 175104K, used 83619K [0x00000000c0000000, 0x0000000100000000)
  region size 1024K, 2 young (2048K), 2 survivors (2048K)
 Metaspace       used 12992K, committed 13184K, reserved 1114112K
  class space    used 915K, committed 1024K, reserved 1048576K
}
Event: 17.648 GC heap before
{Heap before GC invocations=34 (full 0):
 garbage-first heap   total 175104K, used 150179K [0x00000000c0000000, 0x0000000100000000)
  region size 1024K, 67 young (68608K), 2 survivors (2048K)
 Metaspace       used 13099K, committed 13248K, reserved 1114112K
  class space    used 915K, committed 1024K, reserved 1048576K
}
Event: 17.649 GC heap after
{Heap after GC invocations=35 (full 0):
 garbage-first heap   total 175104K, used 83103K [0x00000000c0000000, 0x0000000100000000)
  region size 1024K, 2 young (2048K), 2 survivors (2048K)
 Metaspace       used 13099K, committed 13248K, reserved 1114112K
  class space    used 915K, committed 1024K, reserved 1048576K
}
Event: 18.776 GC heap before
{Heap before GC invocations=35 (full 0):
 garbage-first heap   total 175104K, used 150687K [0x00000000c0000000, 0x0000000100000000)
  region size 1024K, 68 young (69632K), 2 survivors (2048K)
 Metaspace       used 13099K, committed 13248K, reserved 1114112K
  class space    used 915K, committed 1024K, reserved 1048576K
}
Event: 18.777 GC heap after
{Heap after GC invocations=36 (full 0):
 garbage-first heap   total 175104K, used 82621K [0x00000000c0000000, 0x0000000100000000)
  region size 1024K, 1 young (1024K), 1 survivors (1024K)
 Metaspace       used 13099K, committed 13248K, reserved 1114112K
  class space    used 915K, committed 1024K, reserved 1048576K
}
Event: 19.890 GC heap before
{Heap before GC invocations=37 (full 0):
 garbage-first heap   total 175104K, used 151229K [0x00000000c0000000, 0x0000000100000000)
  region size 1024K, 68 young (69632K), 1 survivors (1024K)
 Metaspace       used 13099K, committed 13248K, reserved 1114112K
  class space    used 915K, committed 1024K, reserved 1048576K
}
Event: 19.892 GC heap after
{Heap after GC invocations=38 (full 0):
 garbage-first heap   total 175104K, used 83950K [0x00000000c0000000, 0x0000000100000000)
  region size 1024K, 3 young (3072K), 3 survivors (3072K)
 Metaspace       used 13099K, committed 13248K, reserved 1114112K
  class space    used 915K, committed 1024K, reserved 1048576K
}
Event: 20.989 GC heap before
{Heap before GC invocations=38 (full 0):
 garbage-first heap   total 175104K, used 150510K [0x00000000c0000000, 0x0000000100000000)
  region size 1024K, 68 young (69632K), 3 survivors (3072K)
 Metaspace       used 13100K, committed 13248K, reserved 1114112K
  class space    used 915K, committed 1024K, reserved 1048576K
}
Event: 20.990 GC heap after
{Heap after GC invocations=39 (full 0):
 garbage-first heap   total 175104K, used 83906K [0x00000000c0000000, 0x0000000100000000)
  region size 1024K, 3 young (3072K), 3 survivors (3072K)
 Metaspace       used 13100K, committed 13248K, reserved 1114112K
  class space    used 915K, committed 1024K, reserved 1048576K
}

